16:49:10.018 skipping bootstrap configuration: could not find or read file: classpath:karate-config.js
16:49:17.801 request:
1 > GET http://localhost:9222/json
1 > Accept-Encoding: gzip,deflate
1 > Connection: Keep-Alive
1 > Host: localhost:9222
1 > User-Agent: Apache-HttpClient/4.5.11 (Java/1.8.0_241)

16:49:21.869 org.apache.http.conn.HttpHostConnectException: Connect to localhost:9222 [localhost/127.0.0.1, localhost/0:0:0:0:0:0:0:1] failed: Connection refused: connect, http call failed after 4067 milliseconds for URL: http://localhost:9222/json
16:49:21.882 http request failed: 
org.apache.http.conn.HttpHostConnectException: Connect to localhost:9222 [localhost/127.0.0.1, localhost/0:0:0:0:0:0:0:1] failed: Connection refused: connect
16:49:21.983 driver config / start failed: 
org.apache.http.conn.HttpHostConnectException: Connect to localhost:9222 [localhost/127.0.0.1, localhost/0:0:0:0:0:0:0:1] failed: Connection refused: connect, options: {type=chrome, showDriverLog=true, target=null}
/7EF2AC4E076B1949DB8EF943443B4F50",
   "id": "7EF2AC4E076B1949DB8EF943443B4F50",
   "title": "Google Network Speech",
   "type": "background_page",
   "url": "chrome-extension://neajdppkdcdipfabeoofebfddakdcjhd/_generated_background_page.html",
   "webSocketDebuggerUrl": "ws://localhost:9222/devtools/page/7EF2AC4E076B1949DB8EF943443B4F50"
}, {
   "description": "",
   "devtoolsFrontendUrl": "/devtools/inspector.html?ws=localhost:9222/devtools/page/9DED6B751075CAD6BDDD98149CA2C4D4",
   "id": "9DED6B751075CAD6BDDD98149CA2C4D4",
   "title": "Feedback",
   "type": "background_page",
   "url": "chrome-extension://gfdkimpbcpahaombhbimeihdjnejgicl/_generated_background_page.html",
   "webSocketDebuggerUrl": "ws://localhost:9222/devtools/page/9DED6B751075CAD6BDDD98149CA2C4D4"
}, {
   "description": "",
   "devtoolsFrontendUrl": "/devtools/inspector.html?ws=localhost:9222/devtools/page/714DD50FCB6F61193B3BF047B140A65A",
   "id": "714DD50FCB6F61193B3BF047B140A65A",
   "title": "Google Hangouts",
   "type": "background_page",
   "url": "chrome-extension://nkeimhogjdpnpccoofpliimaahmaaome/background.html",
   "webSocketDebuggerUrl": "ws://localhost:9222/devtools/page/714DD50FCB6F61193B3BF047B140A65A"
}, {
   "description": "",
   "devtoolsFrontendUrl": "/devtools/inspector.html?ws=localhost:9222/devtools/page/C0CAC65DB899A56F8F8841BD729BAEA8",
   "id": "C0CAC65DB899A56F8F8841BD729BAEA8",
   "title": "Welcome to Chrome",
   "type": "page",
   "url": "chrome://welcome/",
   "webSocketDebuggerUrl": "ws://localhost:9222/devtools/page/C0CAC65DB899A56F8F8841BD729BAEA8"
} ]


13:02:44.075 root frame id: C0CAC65DB899A56F8F8841BD729BAEA8
13:02:45.980 >> {"method":"Target.activateTarget","params":{"targetId":"C0CAC65DB899A56F8F8841BD729BAEA8"},"id":1}
13:02:46.024 << {"id":1,"result":{}}
13:02:46.026 >> {"method":"Page.enable","id":2}
13:02:46.029 << {"id":2,"result":{}}
13:02:46.030 >> {"method":"Runtime.enable","id":3}
13:02:46.045 << {"method":"Runtime.executionContextCreated","params":{"context":{"id":1,"origin":"chrome://welcome","name":"","auxData":{"isDefault":true,"type":"default","frameId":"C0CAC65DB899A56F8F8841BD729BAEA8"}}}}
13:02:46.048 << {"id":3,"result":{}}
13:02:46.067 >> {"method":"Target.setAutoAttach","params":{"autoAttach":true,"waitForDebuggerOnStart":false,"flatten":true},"id":4}
13:02:46.071 << {"id":4,"result":{}}
13:02:46.073 >> {"method":"Browser.getWindowForTarget","params":{"targetId":"C0CAC65DB899A56F8F8841BD729BAEA8"},"id":5}
13:02:46.076 << {"id":5,"result":{"windowId":1,"bounds":{"left":10,"top":10,"width":1050,"height":708,"windowState":"normal"}}}
13:02:46.443 >> {"method":"Page.navigate","params":{"url":"https:\/\/webordering-sp-stg.qubeyond.com\/364\/login"},"id":6}
13:02:47.444 << {"id":6,"result":{"frameId":"C0CAC65DB899A56F8F8841BD729BAEA8","loaderId":"BE2905E13D939C5FF7A2CAA461361DBF"}}
13:02:47.448 << {"method":"Runtime.executionContextsCleared","params":{}}
13:02:47.468 << {"method":"Page.frameStartedLoading","params":{"frameId":"C0CAC65DB899A56F8F8841BD729BAEA8"}}
13:02:47.505 << {"method":"Runtime.executionContextsCleared","params":{}}
13:02:47.508 << {"method":"Page.frameNavigated","params":{"frame":{"id":"C0CAC65DB899A56F8F8841BD729BAEA8","loaderId":"BE2905E13D939C5FF7A2CAA461361DBF","url":"https://webordering-sp-stg.qubeyond.com/364/login","securityOrigin":"https://webordering-sp-stg.qubeyond.com","mimeType":"text/html"}}}
13:02:47.510 << {"method":"Runtime.executionContextCreated","params":{"context":{"id":1,"origin":"https://webordering-sp-stg.qubeyond.com","name":"","auxData":{"isDefault":true,"type":"default","frameId":"C0CAC65DB899A56F8F8841BD729BAEA8"}}}}
13:02:49.305 << {"method":"Page.frameAttached","params":{"frameId":"D88C986367DDF72B8E1522B1E9109989","parentFrameId":"C0CAC65DB899A56F8F8841BD729BAEA8","stack":{"callFrames":[{"functionName":"","scriptId":"9","url":"https://webordering-sp-stg.qubeyond.com/main.f6e3b47fe78c2ec4235c.js","lineNumber":0,"columnNumber":1106505},{"functionName":"","scriptId":"9","url":"https://webordering-sp-stg.qubeyond.com/main.f6e3b47fe78c2ec4235c.js","lineNumber":0,"columnNumber":1106724},{"functionName":"pr","scriptId":"9","url":"https://webordering-sp-stg.qubeyond.com/main.f6e3b47fe78c2ec4235c.js","lineNumber":0,"columnNumber":1108131},{"functionName":"e.setupOnce","scriptId":"9","url":"https://webordering-sp-stg.qubeyond.com/main.f6e3b47fe78c2ec4235c.js","lineNumber":0,"columnNumber":1111709},{"functionName":"","scriptId":"9","url":"https://webordering-sp-stg.qubeyond.com/main.f6e3b47fe78c2ec4235c.js","lineNumber":0,"columnNumber":1086334},{"functionName":"","scriptId":"9","url":"https://webordering-sp-stg.qubeyond.com/main.f6e3b47fe78c2ec ...
13:02:49.333 << {"method":"Page.frameStartedLoading","params":{"frameId":"D88C986367DDF72B8E1522B1E9109989"}}
13:02:49.338 << {"method":"Page.frameNavigated","params":{"frame":{"id":"D88C986367DDF72B8E1522B1E9109989","parentId":"C0CAC65DB899A56F8F8841BD729BAEA8","loaderId":"8CAFAFC315CAD33E20678A55E8F17248","name":"","url":"about:blank","securityOrigin":"://","mimeType":"text/html"}}}
13:02:49.341 << {"method":"Runtime.executionContextCreated","params":{"context":{"id":2,"origin":"https://webordering-sp-stg.qubeyond.com","name":"","auxData":{"isDefault":true,"type":"default","frameId":"D88C986367DDF72B8E1522B1E9109989"}}}}
13:02:49.343 << {"method":"Page.frameStoppedLoading","params":{"frameId":"D88C986367DDF72B8E1522B1E9109989"}}
13:02:49.345 << {"method":"Runtime.executionContextDestroyed","params":{"executionContextId":2}}
13:02:49.347 << {"method":"Page.frameDetached","params":{"frameId":"D88C986367DDF72B8E1522B1E9109989"}}
13:02:49.369 << {"method":"Runtime.consoleAPICalled","params":{"type":"warning","args":[{"type":"string","value":"Ionic Angular was already initialized. Make sure IonicModule.forRoot() is just called once."}],"executionContextId":1,"timestamp":1.588836769330086e+12,"stackTrace":{"callFrames":[{"functionName":"","scriptId":"9","url":"https://webordering-sp-stg.qubeyond.com/main.f6e3b47fe78c2ec4235c.js","lineNumber":0,"columnNumber":1104537},{"functionName":"","scriptId":"9","url":"https://webordering-sp-stg.qubeyond.com/main.f6e3b47fe78c2ec4235c.js","lineNumber":0,"columnNumber":1258948},{"functionName":"e.runInitializers","scriptId":"9","url":"https://webordering-sp-stg.qubeyond.com/main.f6e3b47fe78c2ec4235c.js","lineNumber":0,"columnNumber":573099},{"functionName":"","scriptId":"9","url":"https://webordering-sp-stg.qubeyond.com/main.f6e3b47fe78c2ec4235c.js","lineNumber":0,"columnNumber":585176},{"functionName":"","scriptId":"9","url":"https://webordering-sp-stg.qubeyond.com/main.f6e3b47fe78c2ec4235c.js","lineNumber":0,"colu ...
13:02:49.420 << {"method":"Page.domContentEventFired","params":{"timestamp":1701131.965552}}
13:02:49.612 >> {"method":"Runtime.evaluate","params":{"expression":"document.querySelector(\".highlight-light-button\").click()","returnByValue":true},"id":7}
13:02:49.619 << {"id":7,"result":{"result":{"type":"object","subtype":"error","className":"TypeError","description":"TypeError: Cannot read property 'click' of null\n    at <anonymous>:1:50","objectId":"{\"injectedScriptId\":1,\"id\":1}"},"exceptionDetails":{"exceptionId":1,"text":"Uncaught","lineNumber":0,"columnNumber":49,"scriptId":"11","stackTrace":{"callFrames":[{"functionName":"","scriptId":"11","url":"","lineNumber":0,"columnNumber":49}]},"exception":{"type":"object","subtype":"error","className":"TypeError","description":"TypeError: Cannot read property 'click' of null\n    at <anonymous>:1:50","objectId":"{\"injectedScriptId\":1,\"id\":2}"}}}}
13:02:49.621 js eval failed once:document.querySelector(".highlight-light-button").click(), error: {"type":"object","subtype":"error","className":"TypeError","description":"TypeError: Cannot read property 'click' of null\n    at <anonymous>:1:50","objectId":"{\"injectedScriptId\":1,\"id\":1}"}
13:02:50.172 << {"method":"Page.loadEventFired","params":{"timestamp":1701132.711454}}
13:02:50.180 << {"method":"Page.frameStoppedLoading","params":{"frameId":"C0CAC65DB899A56F8F8841BD729BAEA8"}}
13:02:50.669 << {"method":"Page.navigatedWithinDocument","params":{"frameId":"C0CAC65DB899A56F8F8841BD729BAEA8","url":"https://webordering-sp-stg.qubeyond.com/"}}
13:02:50.672 << {"method":"Page.navigatedWithinDocument","params":{"frameId":"C0CAC65DB899A56F8F8841BD729BAEA8","url":"https://webordering-sp-stg.qubeyond.com/"}}
13:02:50.678 << {"method":"Page.frameAttached","params":{"frameId":"AE6DD7E2F34D79D338AEB0761478303C","parentFrameId":"C0CAC65DB899A56F8F8841BD729BAEA8","stack":{"callFrames":[{"functionName":"e.addGtmToDom","scriptId":"9","url":"https://webordering-sp-stg.qubeyond.com/main.f6e3b47fe78c2ec4235c.js","lineNumber":0,"columnNumber":336491},{"functionName":"e.pushTag","scriptId":"9","url":"https://webordering-sp-stg.qubeyond.com/main.f6e3b47fe78c2ec4235c.js","lineNumber":0,"columnNumber":336595},{"functionName":"","scriptId":"9","url":"https://webordering-sp-stg.qubeyond.com/main.f6e3b47fe78c2ec4235c.js","lineNumber":0,"columnNumber":1062007},{"functionName":"","scriptId":"9","url":"https://webordering-sp-stg.qubeyond.com/main.f6e3b47fe78c2ec4235c.js","lineNumber":0,"columnNumber":70310},{"functionName":"t.__tryOrUnsub","scriptId":"9","url":"https://webordering-sp-stg.qubeyond.com/main.f6e3b47fe78c2ec4235c.js","lineNumber":0,"columnNumber":291693},{"functionName":"t.next","scriptId":"9","url":"https://webordering-sp-stg.qubeyond. ...
13:02:50.762 << {"method":"Page.frameStartedLoading","params":{"frameId":"AE6DD7E2F34D79D338AEB0761478303C"}}
13:02:51.158 << {"method":"Target.attachedToTarget","params":{"sessionId":"1F31946EB49C0639CA28376C7827C659","targetInfo":{"targetId":"AE6DD7E2F34D79D338AEB0761478303C","type":"iframe","title":"","url":"","attached":true,"browserContextId":"A7FFDBBB617E207F0682CC332A55B275"},"waitingForDebugger":false}}
13:02:51.205 << {"method":"Page.frameStoppedLoading","params":{"frameId":"AE6DD7E2F34D79D338AEB0761478303C"}}
13:02:51.207 << {"method":"Page.frameDetached","params":{"frameId":"AE6DD7E2F34D79D338AEB0761478303C"}}
13:02:52.623 >> {"method":"Runtime.evaluate","params":{"expression":"document.querySelector(\".highlight-light-button\").click()","returnByValue":true},"id":8}
13:02:52.627 << {"id":8,"result":{"result":{"type":"object","subtype":"error","className":"TypeError","description":"TypeError: Cannot read property 'click' of null\n    at <anonymous>:1:50","objectId":"{\"injectedScriptId\":1,\"id\":3}"},"exceptionDetails":{"exceptionId":2,"text":"Uncaught","lineNumber":0,"columnNumber":49,"scriptId":"11","stackTrace":{"callFrames":[{"functionName":"","scriptId":"11","url":"","lineNumber":0,"columnNumber":49}]},"exception":{"type":"object","subtype":"error","className":"TypeError","description":"TypeError: Cannot read property 'click' of null\n    at <anonymous>:1:50","objectId":"{\"injectedScriptId\":1,\"id\":4}"}}}}
13:02:52.629 js eval failed twice:document.querySelector(".highlight-light-button").click(), error: {"type":"object","subtype":"error","className":"TypeError","description":"TypeError: Cannot read property 'click' of null\n    at <anonymous>:1:50","objectId":"{\"injectedScriptId\":1,\"id\":3}"}
13:02:52.634 >> {"method":"Target.closeTarget","params":{"targetId":"C0CAC65DB899A56F8F8841BD729BAEA8"},"id":9}
13:02:52.750 << {"id":9,"result":{"success":true}}
ptId":"6","url":"https://webordering-sp-stg.qubeyond.com/polyfills.db36040b782a5e301d57.js","lineNumber":0,"columnNumber":7309},{"functionName":"onInvoke","scriptId":"9","url":"https://webordering-sp-stg.qubeyond.com/main.ee33c6f130d6030a29b3.js","lineNumber":0,"columnNumber":576601},{"functionName":"e.invoke","scriptId":"6","url":"https://webordering-sp-stg.qubeyond.com/polyfills.db36040b782a5e301d57.js","lineNumber":0,"columnNumber":7249},{"functionName":"t.run","scriptId":"6","url":"https:/ ...
16:50:03.595 << {"method":"Page.frameStartedLoading","params":{"frameId":"250E783DAE2E6307D879F4FAF66CAE7C"}}
16:50:03.597 << {"method":"Page.frameNavigated","params":{"frame":{"id":"250E783DAE2E6307D879F4FAF66CAE7C","parentId":"1E0542274A4E936058366705314087C6","loaderId":"C1C37FB949A0025F9CB4A202FA20B131","name":"","url":"about:blank","securityOrigin":"://","mimeType":"text/html"}}}
16:50:03.599 << {"method":"Runtime.executionContextCreated","params":{"context":{"id":3,"origin":"https://webordering-sp-stg.qubeyond.com","name":"","auxData":{"isDefault":true,"type":"default","frameId":"250E783DAE2E6307D879F4FAF66CAE7C"}}}}
16:50:03.601 << {"method":"Page.frameStoppedLoading","params":{"frameId":"250E783DAE2E6307D879F4FAF66CAE7C"}}
16:50:03.627 << {"id":10,"result":{}}
16:50:03.629 >> {"method":"Input.dispatchKeyEvent","params":{"modifier":0,"type":"keyDown","text":"a"},"id":11}
16:50:03.674 << {"id":11,"result":{}}
16:50:03.676 >> {"method":"Input.dispatchKeyEvent","params":{"modifier":0,"type":"keyUp","windowsVirtualKeyCode":65},"id":12}
16:50:03.682 << {"id":12,"result":{}}
16:50:03.684 >> {"method":"Input.dispatchKeyEvent","params":{"modifier":0,"type":"keyDown","text":"s"},"id":13}
16:50:03.712 << {"id":13,"result":{}}
16:50:03.713 >> {"method":"Input.dispatchKeyEvent","params":{"modifier":0,"type":"keyUp","windowsVirtualKeyCode":83},"id":14}
16:50:03.739 << {"id":14,"result":{}}
16:50:03.740 >> {"method":"Input.dispatchKeyEvent","params":{"modifier":0,"type":"keyDown","text":"t"},"id":15}
16:50:03.747 << {"id":15,"result":{}}
16:50:03.749 >> {"method":"Input.dispatchKeyEvent","params":{"modifier":0,"type":"keyUp","windowsVirtualKeyCode":84},"id":16}
16:50:03.785 << {"id":16,"result":{}}
16:50:03.788 >> {"method":"Input.dispatchKeyEvent","params":{"modifier":0,"type":"keyDown","text":" "},"id":17}
16:50:03.794 << {"id":17,"result":{}}
16:50:03.795 >> {"method":"Input.dispatchKeyEvent","params":{"modifier":0,"type":"keyUp","windowsVirtualKeyCode":32},"id":18}
16:50:03.800 << {"id":18,"result":{}}
16:50:03.801 unknown character / key code: W
16:50:03.821 >> {"method":"Input.dispatchKeyEvent","params":{"modifier":0,"type":"char","text":"W"},"id":19}
16:50:03.828 << {"id":19,"result":{}}
16:50:03.831 >> {"method":"Input.dispatchKeyEvent","params":{"modifier":0,"type":"keyDown","text":"e"},"id":20}
16:50:03.857 << {"id":20,"result":{}}
16:50:03.859 >> {"method":"Input.dispatchKeyEvent","params":{"modifier":0,"type":"keyUp","windowsVirtualKeyCode":69},"id":21}
16:50:03.864 << {"id":21,"result":{}}
16:50:03.865 >> {"method":"Input.dispatchKeyEvent","params":{"modifier":0,"type":"keyDown","text":"s"},"id":22}
16:50:03.897 << {"id":22,"result":{}}
16:50:03.899 >> {"method":"Input.dispatchKeyEvent","params":{"modifier":0,"type":"keyUp","windowsVirtualKeyCode":83},"id":23}
16:50:03.903 << {"id":23,"result":{}}
16:50:03.919 >> {"method":"Input.dispatchKeyEvent","params":{"modifier":0,"type":"keyDown","text":"t"},"id":24}
16:50:03.940 << {"id":24,"result":{}}
16:50:03.941 >> {"method":"Input.dispatchKeyEvent","params":{"modifier":0,"type":"keyUp","windowsVirtualKeyCode":84},"id":25}
16:50:03.945 << {"id":25,"result":{}}
16:50:03.946 >> {"method":"Input.dispatchKeyEvent","params":{"modifier":0,"type":"keyDown","text":" "},"id":26}
16:50:03.951 << {"id":26,"result":{}}
16:50:03.975 >> {"method":"Input.dispatchKeyEvent","params":{"modifier":0,"type":"keyUp","windowsVirtualKeyCode":32},"id":27}
16:50:03.978 << {"id":27,"result":{}}
16:50:03.979 unknown character / key code: H
16:50:03.980 >> {"method":"Input.dispatchKeyEvent","params":{"modifier":0,"type":"char","text":"H"},"id":28}
16:50:03.987 << {"id":28,"result":{}}
16:50:04.010 >> {"method":"Input.dispatchKeyEvent","params":{"modifier":0,"type":"keyDown","text":"i"},"id":29}
16:50:04.017 << {"id":29,"result":{}}
16:50:04.018 >> {"method":"Input.dispatchKeyEvent","params":{"modifier":0,"type":"keyUp","windowsVirtualKeyCode":73},"id":30}
16:50:04.034 << {"id":30,"result":{}}
16:50:04.036 >> {"method":"Input.dispatchKeyEvent","params":{"modifier":0,"type":"keyDown","text":"g"},"id":31}
16:50:04.054 << {"id":31,"result":{}}
16:50:04.067 >> {"method":"Input.dispatchKeyEvent","params":{"modifier":0,"type":"keyUp","windowsVirtualKeyCode":71},"id":32}
16:50:04.084 << {"id":32,"result":{}}
16:50:04.084 >> {"method":"Input.dispatchKeyEvent","params":{"modifier":0,"type":"keyDown","text":"h"},"id":33}
16:50:04.100 << {"id":33,"result":{}}
16:50:04.102 >> {"method":"Input.dispatchKeyEvent","params":{"modifier":0,"type":"keyUp","windowsVirtualKeyCode":72},"id":34}
16:50:04.117 << {"id":34,"result":{}}
16:50:04.120 >> {"method":"Input.dispatchKeyEvent","params":{"modifier":0,"type":"keyDown","text":"w"},"id":35}
16:50:04.134 << {"id":35,"result":{}}
16:50:04.157 >> {"method":"Input.dispatchKeyEvent","params":{"modifier":0,"type":"keyUp","windowsVirtualKeyCode":87},"id":36}
16:50:04.161 << {"id":36,"result":{}}
16:50:04.162 >> {"method":"Input.dispatchKeyEvent","params":{"modifier":0,"type":"keyDown","text":"a"},"id":37}
16:50:04.166 << {"id":37,"result":{}}
16:50:04.171 >> {"method":"Input.dispatchKeyEvent","params":{"modifier":0,"type":"keyUp","windowsVirtualKeyCode":65},"id":38}
16:50:04.191 << {"id":38,"result":{}}
16:50:04.193 >> {"method":"Input.dispatchKeyEvent","params":{"modifier":0,"type":"keyDown","text":"y"},"id":39}
16:50:04.221 << {"id":39,"result":{}}
16:50:04.225 >> {"method":"Input.dispatchKeyEvent","params":{"modifier":0,"type":"keyUp","windowsVirtualKeyCode":89},"id":40}
16:50:04.228 << {"id":40,"result":{}}
16:50:04.229 >> {"method":"Input.dispatchKeyEvent","params":{"modifier":0,"type":"keyDown","text":","},"id":41}
16:50:04.266 << {"id":41,"result":{}}
16:50:04.267 >> {"method":"Input.dispatchKeyEvent","params":{"modifier":0,"type":"keyUp","windowsVirtualKeyCode":44},"id":42}
16:50:04.289 << {"id":42,"result":{}}
16:50:04.291 >> {"method":"Input.dispatchKeyEvent","params":{"modifier":0,"type":"keyDown","text":" "},"id":43}
16:50:04.295 << {"id":43,"result":{}}
16:50:04.296 >> {"method":"Input.dispatchKeyEvent","params":{"modifier":0,"type":"keyUp","windowsVirtualKeyCode":32},"id":44}
16:50:04.299 << {"id":44,"result":{}}
16:50:04.301 unknown character / key code: B
16:50:04.301 >> {"method":"Input.dispatchKeyEvent","params":{"modifier":0,"type":"char","text":"B"},"id":45}
16:50:04.325 << {"id":45,"result":{}}
16:50:04.327 >> {"method":"Input.dispatchKeyEvent","params":{"modifier":0,"type":"keyDown","text":"e"},"id":46}
16:50:04.333 << {"id":46,"result":{}}
16:50:04.334 >> {"method":"Input.dispatchKeyEvent","params":{"modifier":0,"type":"keyUp","windowsVirtualKeyCode":69},"id":47}
16:50:04.354 << {"id":47,"result":{}}
16:50:04.373 >> {"method":"Input.dispatchKeyEvent","params":{"modifier":0,"type":"keyDown","text":"t"},"id":48}
16:50:04.384 << {"id":48,"result":{}}
16:50:04.385 >> {"method":"Input.dispatchKeyEvent","params":{"modifier":0,"type":"keyUp","windowsVirtualKeyCode":84},"id":49}
16:50:04.409 << {"id":49,"result":{}}
16:50:04.410 >> {"method":"Input.dispatchKeyEvent","params":{"modifier":0,"type":"keyDown","text":"h"},"id":50}
16:50:04.416 << {"id":50,"result":{}}
16:50:04.418 >> {"method":"Input.dispatchKeyEvent","params":{"modifier":0,"type":"keyUp","windowsVirtualKeyCode":72},"id":51}
16:50:04.442 << {"id":51,"result":{}}
16:50:04.443 >> {"method":"Input.dispatchKeyEvent","params":{"modifier":0,"type":"keyDown","text":"e"},"id":52}
16:50:04.448 << {"id":52,"result":{}}
16:50:04.449 >> {"method":"Input.dispatchKeyEvent","params":{"modifier":0,"type":"keyUp","windowsVirtualKeyCode":69},"id":53}
16:50:04.465 << {"id":53,"result":{}}
16:50:04.466 >> {"method":"Input.dispatchKeyEvent","params":{"modifier":0,"type":"keyDown","text":"s"},"id":54}
16:50:04.486 << {"id":54,"result":{}}
16:50:04.490 >> {"method":"Input.dispatchKeyEvent","params":{"modifier":0,"type":"keyUp","windowsVirtualKeyCode":83},"id":55}
16:50:04.498 << {"id":55,"result":{}}
16:50:04.499 >> {"method":"Input.dispatchKeyEvent","params":{"modifier":0,"type":"keyDown","text":"d"},"id":56}
16:50:04.522 << {"id":56,"result":{}}
16:50:04.525 >> {"method":"Input.dispatchKeyEvent","params":{"modifier":0,"type":"keyUp","windowsVirtualKeyCode":68},"id":57}
16:50:04.535 << {"id":57,"result":{}}
16:50:04.565 >> {"method":"Input.dispatchKeyEvent","params":{"modifier":0,"type":"keyDown","text":"a"},"id":58}
16:50:04.582 << {"id":58,"result":{}}
16:50:04.583 >> {"method":"Input.dispatchKeyEvent","params":{"modifier":0,"type":"keyUp","windowsVirtualKeyCode":65},"id":59}
16:50:04.587 << {"id":59,"result":{}}
16:50:04.599 >> {"method":"Input.dispatchKeyEvent","params":{"modifier":0,"type":"keyDown","text":","},"id":60}
16:50:04.616 << {"id":60,"result":{}}
16:50:04.617 >> {"method":"Input.dispatchKeyEvent","params":{"modifier":0,"type":"keyUp","windowsVirtualKeyCode":44},"id":61}
16:50:04.631 << {"id":61,"result":{}}
16:50:04.632 >> {"method":"Input.dispatchKeyEvent","params":{"modifier":0,"type":"keyDown","text":" "},"id":62}
16:50:04.657 << {"id":62,"result":{}}
16:50:04.658 >> {"method":"Input.dispatchKeyEvent","params":{"modifier":0,"type":"keyUp","windowsVirtualKeyCode":32},"id":63}
16:50:04.686 << {"id":63,"result":{}}
16:50:04.687 unknown character / key code: M
16:50:04.690 >> {"method":"Input.dispatchKeyEvent","params":{"modifier":0,"type":"char","text":"M"},"id":64}
16:50:04.695 << {"id":64,"result":{}}
16:50:04.696 unknown character / key code: D
16:50:04.697 >> {"method":"Input.dispatchKeyEvent","params":{"modifier":0,"type":"char","text":"D"},"id":65}
16:50:04.702 << {"id":65,"result":{}}
16:50:04.718 >> {"method":"Input.dispatchKeyEvent","params":{"modifier":0,"type":"keyDown","text":","},"id":66}
16:50:04.735 << {"id":66,"result":{}}
16:50:04.736 >> {"method":"Input.dispatchKeyEvent","params":{"modifier":0,"type":"keyUp","windowsVirtualKeyCode":44},"id":67}
16:50:04.749 << {"id":67,"result":{}}
16:50:04.750 >> {"method":"Input.dispatchKeyEvent","params":{"modifier":0,"type":"keyDown","text":" "},"id":68}
16:50:04.769 << {"id":68,"result":{}}
16:50:04.781 >> {"method":"Input.dispatchKeyEvent","params":{"modifier":0,"type":"keyUp","windowsVirtualKeyCode":32},"id":69}
16:50:04.785 << {"id":69,"result":{}}
16:50:04.785 unknown character / key code: U
16:50:04.788 >> {"method":"Input.dispatchKeyEvent","params":{"modifier":0,"type":"char","text":"U"},"id":70}
16:50:04.810 << {"id":70,"result":{}}
16:50:04.811 unknown character / key code: S
16:50:04.812 >> {"method":"Input.dispatchKeyEvent","params":{"modifier":0,"type":"char","text":"S"},"id":71}
16:50:04.816 << {"id":71,"result":{}}
16:50:04.817 unknown character / key code: A
16:50:04.818 >> {"method":"Input.dispatchKeyEvent","params":{"modifier":0,"type":"char","text":"A"},"id":72}
16:50:04.834 << {"id":72,"result":{}}
16:50:24.859 >> {"method":"Runtime.evaluate","params":{"expression":"document.querySelector(\".list_body_item\").click()","returnByValue":true},"id":73}
16:50:24.894 << {"id":73,"result":{"result":{"type":"undefined"}}}
16:50:34.917 >> {"method":"Runtime.evaluate","params":{"expression":"document.querySelector(\".location-Submit-Btn\").click()","returnByValue":true},"id":74}
16:50:34.955 << {"id":74,"result":{"result":{"type":"undefined"}}}
16:50:42.967 >> {"method":"Runtime.evaluate","params":{"expression":"document.querySelector(\".store-selection-store-name\").click()","returnByValue":true},"id":75}
16:50:42.990 << {"id":75,"result":{"result":{"type":"undefined"}}}
16:50:43.967 << {"method":"Page.navigatedWithinDocument","params":{"frameId":"1E0542274A4E936058366705314087C6","url":"https://webordering-sp-stg.qubeyond.com/364/260/menu-category"}}
16:50:44.021 << {"method":"Runtime.executionContextDestroyed","params":{"executionContextId":3}}
16:50:44.025 << {"method":"Page.frameDetached","params":{"frameId":"250E783DAE2E6307D879F4FAF66CAE7C"}}
16:50:48.010 waitForUrl - retry #1
16:50:51.012 waitForUrl - retry #2
16:50:54.014 waitForUrl - retry #3
16:50:57.018 failed after 3 retries and 9009 milliseconds
16:51:00.027 >> {"method":"Runtime.evaluate","params":{"expression":"document.evaluate(\"\/\/*[@id='contentStarting-5']\/div\/div[1]\", document, null, 9, null).singleNodeValue.click()","returnByValue":true},"id":76}
16:51:00.060 << {"id":76,"result":{"result":{"type":"undefined"}}}
16:51:00.082 >> {"method":"Runtime.evaluate","params":{"expression":"document.evaluate(\"\/\/div[@role='menuitem']\", document, null, 9, null).singleNodeValue.click()","returnByValue":true},"id":77}
16:51:00.114 << {"id":77,"result":{"result":{"type":"undefined"}}}
16:51:01.115 << {"method":"Page.navigatedWithinDocument","params":{"frameId":"1E0542274A4E936058366705314087C6","url":"https://webordering-sp-stg.qubeyond.com/364/260/items/9869-12062-12063"}}
16:51:02.133 >> {"method":"Runtime.evaluate","params":{"expression":"document.evaluate(\"\/\/*[@id='custom-footer']\/ion-grid\/ion-row\/ion-col[2]\/div\/ion-row\/ion-col[2]\/div\/button[2]\", document, null, 9, null).singleNodeValue.click()","returnByValue":true},"id":78}
16:51:02.164 << {"id":78,"result":{"result":{"type":"undefined"}}}
16:51:04.849 << {"method":"Page.navigatedWithinDocument","params":{"frameId":"1E0542274A4E936058366705314087C6","url":"https://webordering-sp-stg.qubeyond.com/364/260/menu-category"}}
16:51:07.171 >> {"method":"Runtime.evaluate","params":{"expression":"document.evaluate(\"\/\/div[@class='menu-inner-container']\/div[1]\", document, null, 9, null).singleNodeValue.click()","returnByValue":true},"id":79}
16:51:07.255 << {"id":79,"result":{"result":{"type":"undefined"}}}
16:51:10.269 >> {"method":"Page.captureScreenshot","id":80}
16:51:10.659 << {"id":80,"result":{"data":"iVBORw0KGgoAAAANSUhEUgAABAoAAAJsCAYAAAB02UFRAAAAAXNSR0IArs4c6QAAIABJREFUeJzs3Xl4HOd94PlvVR/oRqOBbtz3TfAAwUMkReqgZEmWbR2WFV+JHScTx84x4zz7JM9uEs9uZmdmxzOPk+yuM/PYyTpjTxInGTu2lUi0FFtSLEoUKUrifZMgCOK+Gw30fVXV/tHdBTTQIMFLAMjfxw+sRtVbVW8BTbLfX/3e36s8savDQAghhBBCrFof3rV+pbsghBDiHhGv3IG60p0QQgghhBBCCCHE6iGBAiGEEEIIIYQQQpgkUCCEEEIIIYQQQgiTBAqEEEIIIYQQQghhkkCBEEIIIYQQQgghTNaV7oC4d3gramnduB2nyw1AcNbH5dPvEwnN0tSxhfrWjShqOnaVSiaYGL5K7/nji/bFwkEGes4yMdwHwH2PPENhUbF5HUPXGeq9gNtbjqesytw+/7jNux/HXuDk+IFXaOrYQl3LekYHerh64QQA67p2462oofvUYWZ849S1bKC+dSO2AgcYBuHQLH0XT+GfHPlAfnZCCCGEEEII8UGRQIH4QFisNpo6ujAMgzPv7cde4KBl4zZaN93H2ff3A6ClkvReOMGsb5z2rl1U1jYz65vM2RcNB2nZuI2mjq0kYlFmfOMAzPjGOfveGznX3Lz7cSKhAMcPvIK3vIb2rl3UNq83AwzzKYpKaWUdYwNXiIYDOfu8FbXUt24kEpql+9CrFJWU0ta5g7rWDRIoEEIIIYQQQtx1ZOqB+ECUVzfgcLrwjQ8xOz3O5Gg//qkxCt0leMqrc9rGYxGmRgdBUSgq8ebsC85MMdLXjWqx4K2sXfb1/VOjzPomsBc4c7IMsgxDx17goKq+ddG+Ym85iqIwMdxHPBbBNz7E+2+8tCgwIYQQQgghhBB3AwkUiA+Eo7AIgGg4aG5LxKKoioq9wHlD54pHwuhaCput4Lb1T9c0IsFZyqrrcLqKc/bZC ...
16:51:10.681 >> {"method":"Runtime.evaluate","params":{"expression":"document.evaluate(\"\/\/button[@id='checkout']\", document, null, 9, null).singleNodeValue.click()","returnByValue":true},"id":81}
16:51:10.870 << {"method":"Page.navigatedWithinDocument","params":{"frameId":"1E0542274A4E936058366705314087C6","url":"https://webordering-sp-stg.qubeyond.com/364/review-order-details"}}
16:51:10.896 << {"id":81,"result":{"result":{"type":"undefined"}}}
16:51:20.909 >> {"method":"Runtime.evaluate","params":{"expression":"(function(){ var e = document.evaluate(\"\/\/select[@name='dateTime'][2]\", document, null, 9, null).singleNodeValue; var t = \"10:30 AM\"; for (var i = 0; i < e.options.length; ++i) if (e.options[i].value === t) { e.options[i].selected = true; e.dispatchEvent(new Event('change')) } })()","returnByValue":true},"id":82}
16:51:20.923 << {"id":82,"result":{"result":{"type":"undefined"}}}
16:51:20.965 request:
1 > POST https://auth-stg.qubeyond.com/api/v3.5/token
1 > Accept-Encoding: gzip,deflate
1 > Connection: Keep-Alive
1 > Content-Length: 48
1 > Content-Type: application/json; charset=UTF-8
1 > Host: auth-stg.qubeyond.com
1 > User-Agent: Apache-HttpClient/4.5.11 (Java/1.8.0_241)
{"userName":"DBAdmin","password":"DBAdmin1234!"}

16:51:24.044 response time in milliseconds: 3066.01
1 < 200
1 < Connection: keep-alive
1 < Content-Type: application/json; charset=utf-8
1 < Date: Wed, 06 May 2020 11:21:23 GMT
1 < Transfer-Encoding: chunked
1 < api-supported-versions: 3.5
{"token":"eyJhbGciOiJIUzI1NiIsInR5cCI6IkpXVCJ9.eyJxdS5jaWQiOiIzNjQiLCJxdS50eXBlIjoiU3lzdGVtIiwiYXV0aC5uYW1lIjoicXUiLCJxdS5zaWQiOiI1ZWIyOWRiM2Q3ZTEyMDAwMDEzMWVjMjkiLCJxdS51aWQiOiI1ZGFmMGU3MDI3ODFmMDA3NDg2MmRhMGQiLCJxdS5uYW1lIjoiREJBZG1pbiIsIm5iZiI6MTU4ODc2NDA4MywiZXhwIjoxNTg5NjI4MDgzLCJpc3MiOiJRdS5TZWN1cml0eS5CZWFyZXIiLCJhdWQiOiJRdS5TZWN1cml0eS5CZWFyZXIifQ.Ok4pNpAoENPjBboTZ8ElNARKq_QVs7jNo3WBQMHhuas"}

16:51:24.052 [print] Access Token: eyJhbGciOiJIUzI1NiIsInR5cCI6IkpXVCJ9.eyJxdS5jaWQiOiIzNjQiLCJxdS50eXBlIjoiU3lzdGVtIiwiYXV0aC5uYW1lIjoicXUiLCJxdS5zaWQiOiI1ZWIyOWRiM2Q3ZTEyMDAwMDEzMWVjMjkiLCJxdS51aWQiOiI1ZGFmMGU3MDI3ODFmMDA3NDg2MmRhMGQiLCJxdS5uYW1lIjoiREJBZG1pbiIsIm5iZiI6MTU4ODc2NDA4MywiZXhwIjoxNTg5NjI4MDgzLCJpc3MiOiJRdS5TZWN1cml0eS5CZWFyZXIiLCJhdWQiOiJRdS5TZWN1cml0eS5CZWFyZXIifQ.Ok4pNpAoENPjBboTZ8ElNARKq_QVs7jNo3WBQMHhuas
16:51:24.069 request:
2 > GET https://woapi-stg.qubeyond.com/api/v3.5/order-channels
2 > Accept-Encoding: gzip,deflate
2 > Authorization: Bearer eyJhbGciOiJIUzI1NiIsInR5cCI6IkpXVCJ9.eyJxdS5jaWQiOiIzNjQiLCJxdS50eXBlIjoiU3lzdGVtIiwiYXV0aC5uYW1lIjoicXUiLCJxdS5zaWQiOiI1ZWIyOWRiM2Q3ZTEyMDAwMDEzMWVjMjkiLCJxdS51aWQiOiI1ZGFmMGU3MDI3ODFmMDA3NDg2MmRhMGQiLCJxdS5uYW1lIjoiREJBZG1pbiIsIm5iZiI6MTU4ODc2NDA4MywiZXhwIjoxNTg5NjI4MDgzLCJpc3MiOiJRdS5TZWN1cml0eS5CZWFyZXIiLCJhdWQiOiJRdS5TZWN1cml0eS5CZWFyZXIifQ.Ok4pNpAoENPjBboTZ8ElNARKq_QVs7jNo3WBQMHhuas
2 > Connection: Keep-Alive
2 > Host: woapi-stg.qubeyond.com
2 > User-Agent: Apache-HttpClient/4.5.11 (Java/1.8.0_241)

16:51:25.649 response time in milliseconds: 1533.91
2 < 200
2 < Connection: keep-alive
2 < Content-Type: application/json
2 < Date: Wed, 06 May 2020 11:21:25 GMT
2 < Server: Kestrel
2 < Transfer-Encoding: chunked
2 < Vary: Accept-Encoding
2 < X-Request-Time: 70
2 < api-supported-versions: 3.5
[{"title":"UberEats","category":7,"id":318},{"title":"Catering","category":5,"id":315},{"title":"Web","category":2,"id":314},{"title":"OLO","id":317},{"title":"In Store","category":1,"id":313},{"title":"DoorDash","category":8,"id":319},{"title":"Kiosk","id":316}]

16:51:25.656 request:
3 > GET https://woapi-stg.qubeyond.com/api/v3.5/order-types
3 > Accept-Encoding: gzip,deflate
3 > Authorization: Bearer eyJhbGciOiJIUzI1NiIsInR5cCI6IkpXVCJ9.eyJxdS5jaWQiOiIzNjQiLCJxdS50eXBlIjoiU3lzdGVtIiwiYXV0aC5uYW1lIjoicXUiLCJxdS5zaWQiOiI1ZWIyOWRiM2Q3ZTEyMDAwMDEzMWVjMjkiLCJxdS51aWQiOiI1ZGFmMGU3MDI3ODFmMDA3NDg2MmRhMGQiLCJxdS5uYW1lIjoiREJBZG1pbiIsIm5iZiI6MTU4ODc2NDA4MywiZXhwIjoxNTg5NjI4MDgzLCJpc3MiOiJRdS5TZWN1cml0eS5CZWFyZXIiLCJhdWQiOiJRdS5TZWN1cml0eS5CZWFyZXIifQ.Ok4pNpAoENPjBboTZ8ElNARKq_QVs7jNo3WBQMHhuas
3 > Connection: Keep-Alive
3 > Host: woapi-stg.qubeyond.com
3 > User-Agent: Apache-HttpClient/4.5.11 (Java/1.8.0_241)

16:51:27.245 response time in milliseconds: 1572.00
3 < 200
3 < Connection: keep-alive
3 < Content-Type: application/json
3 < Date: Wed, 06 May 2020 11:21:26 GMT
3 < Server: Kestrel
3 < Transfer-Encoding: chunked
3 < Vary: Accept-Encoding
3 < X-Request-Time: 84
3 < api-supported-versions: 3.5
[{"title":"Take-Out","fireMode":1,"id":234},{"title":"Third Party Delivery","fireMode":1,"id":438},{"title":"Pickup","fireMode":1,"category":2,"id":233},{"title":"Dine In","fireMode":1,"category":1,"id":232},{"title":"Delivery","fireMode":1,"category":3,"id":230}]

16:51:27.348 [print] OrderDateTime: 2020-05-06T11:21:27.344Z
16:51:27.365 request:
4 > POST https://woapi-stg.qubeyond.com/api/v3.5/basket
4 > Accept-Encoding: gzip,deflate
4 > Authorization: Bearer eyJhbGciOiJIUzI1NiIsInR5cCI6IkpXVCJ9.eyJxdS5jaWQiOiIzNjQiLCJxdS50eXBlIjoiU3lzdGVtIiwiYXV0aC5uYW1lIjoicXUiLCJxdS5zaWQiOiI1ZWIyOWRiM2Q3ZTEyMDAwMDEzMWVjMjkiLCJxdS51aWQiOiI1ZGFmMGU3MDI3ODFmMDA3NDg2MmRhMGQiLCJxdS5uYW1lIjoiREJBZG1pbiIsIm5iZiI6MTU4ODc2NDA4MywiZXhwIjoxNTg5NjI4MDgzLCJpc3MiOiJRdS5TZWN1cml0eS5CZWFyZXIiLCJhdWQiOiJRdS5TZWN1cml0eS5CZWFyZXIifQ.Ok4pNpAoENPjBboTZ8ElNARKq_QVs7jNo3WBQMHhuas
4 > Connection: Keep-Alive
4 > Content-Length: 100
4 > Content-Type: application/json; charset=UTF-8
4 > Host: woapi-stg.qubeyond.com
4 > User-Agent: Apache-HttpClient/4.5.11 (Java/1.8.0_241)
{"orderChannelId":314,"orderTypeId":234,"locationId":260,"orderDateTime":"2020-05-06T11:21:27.344Z"}

16:51:29.479 response time in milliseconds: 2100.83
4 < 200
4 < Connection: keep-alive
4 < Content-Length: 0
4 < Date: Wed, 06 May 2020 11:21:28 GMT
4 < Server: Kestrel
4 < X-Request-Time: 632
4 < api-supported-versions: 3.5

16:51:29.488 request:
5 > POST https://woapi-stg.qubeyond.com/api/v3.5/basket/items
5 > Accept-Encoding: gzip,deflate
5 > Authorization: Bearer eyJhbGciOiJIUzI1NiIsInR5cCI6IkpXVCJ9.eyJxdS5jaWQiOiIzNjQiLCJxdS50eXBlIjoiU3lzdGVtIiwiYXV0aC5uYW1lIjoicXUiLCJxdS5zaWQiOiI1ZWIyOWRiM2Q3ZTEyMDAwMDEzMWVjMjkiLCJxdS51aWQiOiI1ZGFmMGU3MDI3ODFmMDA3NDg2MmRhMGQiLCJxdS5uYW1lIjoiREJBZG1pbiIsIm5iZiI6MTU4ODc2NDA4MywiZXhwIjoxNTg5NjI4MDgzLCJpc3MiOiJRdS5TZWN1cml0eS5CZWFyZXIiLCJhdWQiOiJRdS5TZWN1cml0eS5CZWFyZXIifQ.Ok4pNpAoENPjBboTZ8ElNARKq_QVs7jNo3WBQMHhuas
5 > Connection: Keep-Alive
5 > Content-Length: 127
5 > Content-Type: application/json; charset=UTF-8
5 > Host: woapi-stg.qubeyond.com
5 > User-Agent: Apache-HttpClient/4.5.11 (Java/1.8.0_241)
{"IsFavorite":false,"menuItemPath":"9869-12062-12063","FavoriteTag":"","note":"","quantity":1,"basketItems":[],"portionId":186}

16:51:30.880 response time in milliseconds: 1374.22
5 < 200
5 < Connection: keep-alive
5 < Content-Length: 0
5 < Date: Wed, 06 May 2020 11:21:30 GMT
5 < Server: Kestrel
5 < X-Request-Time: 129
5 < api-supported-versions: 3.5

16:51:30.882 [print] BasketResponse:
16:51:30.891 request:
6 > GET https://woapi-stg.qubeyond.com/api/v3.5/basket?orderChannelId=314&orderTypeId=234&locationId=260
6 > Accept-Encoding: gzip,deflate
6 > Authorization: Bearer eyJhbGciOiJIUzI1NiIsInR5cCI6IkpXVCJ9.eyJxdS5jaWQiOiIzNjQiLCJxdS50eXBlIjoiU3lzdGVtIiwiYXV0aC5uYW1lIjoicXUiLCJxdS5zaWQiOiI1ZWIyOWRiM2Q3ZTEyMDAwMDEzMWVjMjkiLCJxdS51aWQiOiI1ZGFmMGU3MDI3ODFmMDA3NDg2MmRhMGQiLCJxdS5uYW1lIjoiREJBZG1pbiIsIm5iZiI6MTU4ODc2NDA4MywiZXhwIjoxNTg5NjI4MDgzLCJpc3MiOiJRdS5TZWN1cml0eS5CZWFyZXIiLCJhdWQiOiJRdS5TZWN1cml0eS5CZWFyZXIifQ.Ok4pNpAoENPjBboTZ8ElNARKq_QVs7jNo3WBQMHhuas
6 > Connection: Keep-Alive
6 > Host: woapi-stg.qubeyond.com
6 > User-Agent: Apache-HttpClient/4.5.11 (Java/1.8.0_241)

16:51:32.304 response time in milliseconds: 1399.12
6 < 200
6 < Connection: keep-alive
6 < Content-Type: application/json
6 < Date: Wed, 06 May 2020 11:21:31 GMT
6 < Server: Kestrel
6 < Transfer-Encoding: chunked
6 < Vary: Accept-Encoding
6 < X-Request-Time: 52
6 < api-supported-versions: 3.5
{"itemsTotal":10,"discountsTotal":0,"serviceChargesTotal":0,"tipsTotal":0,"taxesTotal":0.5,"paymentsTotal":0,"subtotal":10,"amountDue":10.5,"total":10.5,"basketItems":[{"basketItemId":"af3752a7-d58f-4a0c-940e-a26252829e74","basketItems":{},"menuItemType":1,"title":"Bottled Water","description":"Bottled Water","price":10,"basePrice":10,"defaultState":0,"menuItemPath":"9869-12062-12063","quantity":1,"portionId":186,"note":"","tags":[]}],"discounts":[],"serviceCharges":[],"taxes":[{"title":"Test'' Tax","amount":0.5}],"payments":[],"validationResult":{"Basket Limits":[{"validationType":[4],"validationMessage":"at least $11.00"}]},"userData":{},"rewards":[]}

16:51:32.307 [print] STARTS
16:51:32.365 [print] Amount Due: 10.5
16:51:32.368 [print] Tips Total: 0
16:51:32.371 [print] Tax: 0.5
16:51:32.385 [print] Base amount: 10
16:51:32.403 >> {"method":"Runtime.evaluate","params":{"expression":"document.evaluate(\"\/\/app-review-order-details[@class='ng-star-inserted']\/div\/div\/div[2]\/div[3]\/ion-grid\/ion-row[1]\/ion-col[2]\/p\", document, null, 9, null).singleNodeValue['textContent']","returnByValue":true},"id":83}
16:51:32.407 << {"id":83,"result":{"result":{"type":"string","value":" $10.00 "}}}
16:51:32.423 [print] 10
16:51:52.434 >> {"method":"Runtime.evaluate","params":{"expression":"document.evaluate(\"\/\/app-review-order-details[@class='ng-star-inserted']\/div\/div\/div[2]\/div[3]\/ion-grid\/ion-row[3]\/ion-col[2]\/p\", document, null, 9, null).singleNodeValue['textContent']","returnByValue":true},"id":84}
16:51:52.449 << {"id":84,"result":{"result":{"type":"string","value":" $0.50 "}}}
16:51:52.474 [print] 0.5
16:52:12.494 >> {"method":"Runtime.evaluate","params":{"expression":"document.evaluate(\"\/\/app-review-order-details[@class='ng-star-inserted']\/div\/div\/div[2]\/div[3]\/ion-grid\/ion-row[4]\/ion-col[2]\/p\", document, null, 9, null).singleNodeValue['textContent']","returnByValue":true},"id":85}
16:52:12.507 << {"id":85,"result":{"result":{"type":"string","value":" $10.50 "}}}
16:52:12.524 [print] 10.5
16:52:22.532 >> {"method":"Runtime.evaluate","params":{"expression":"document.evaluate(\"\/\/div[@class='review-order-buttons']\/button[2]\", document, null, 9, null).singleNodeValue.click()","returnByValue":true},"id":86}
16:52:22.557 << {"id":86,"result":{"result":{"type":"undefined"}}}
16:52:32.570 waitForUrl - retry #1
16:52:35.572 waitForUrl - retry #2
16:52:35.713 << {"method":"Page.navigatedWithinDocument","params":{"frameId":"1E0542274A4E936058366705314087C6","url":"https://webordering-sp-stg.qubeyond.com/364/260/menu-category"}}
16:52:37.726 << {"method":"Inspector.detached","params":{"reason":"Render process gone."}}
16:52:37.780 << {"method":"Inspector.detached","params":{"reason":"Render process gone."},"sessionId":"3852B39582518C4717ED8BD66ADD05E8"}
16:52:37.786 << {"method":"Target.detachedFromTarget","params":{"sessionId":"3852B39582518C4717ED8BD66ADD05E8","targetId":"5F4912F89FE22BD32007A568CA60D1A1"}}
16:52:37.788 << {"method":"Inspector.detached","params":{"reason":"target_closed"}}
16:52:38.576 waitForUrl - retry #3
16:52:41.579 failed after 3 retries and 9010 milliseconds
16:52:41.584 >> {"method":"Runtime.evaluate","params":{"expression":"document.evaluate(\"\/\/app-make-payment-screen\/div\/div\/div[2]\/div[1]\/ion-grid\/div[2]\/ion-row\/ion-col[2]\/fieldset\/div\/label\/div\/div\/span[2]\", document, null, 9, null).singleNodeValue.click()","returnByValue":true},"id":87}
params":{"frameId":"02FB485C19BE4154D8DB55157EE714B7","parentFrameId":"F2519EBF28B2124FFDEDA92F647FCA00","stack":{"callFrames":[{"functionName":"e.insertBefore","scriptId":"8","url":"https://webordering-sp-stg.qubeyond.com/main.ee33c6f130d6030a29b3.js","lineNumber":0,"columnNumber":266854},{"functionName":"e.insertBefore","scriptId":"8","url":"https://webordering-sp-stg.qubeyond.com/main.ee33c6f130d6030a29b3.js","lineNumber":0,"columnNumber":1055278},{"functionName":"Go","scriptId":"8","url":"https://webordering-sp-stg.qubeyond.com/main.ee33c6f130d6030a29b3.js","lineNumber":0,"columnNumber":510378},{"functionName":"Bo","scriptId":"8","url":"https://webordering-sp-stg.qubeyond.com/main.ee33c6f130d6030a29b3.js","lineNumber":0,"columnNumber":508236},{"functionName":"ni","scriptId":"8","url":"https://webordering-sp-stg.qubeyond.com/main.ee33c6f130d6030a29b3.js","lineNumber":0,"columnNumber":511505},{"functionName":"ri","scriptId":"8","url":"https://webordering-sp-stg.qubeyond.com/m ...
18:27:33.415 << {"method":"Page.frameStartedLoading","params":{"frameId":"02FB485C19BE4154D8DB55157EE714B7"}}
18:27:33.418 << {"method":"Page.frameNavigated","params":{"frame":{"id":"02FB485C19BE4154D8DB55157EE714B7","parentId":"F2519EBF28B2124FFDEDA92F647FCA00","loaderId":"C72D7BBD471F454838AF55C78EFF50D2","name":"content","url":"about:blank","securityOrigin":"://","mimeType":"text/html"}}}
18:27:33.421 << {"method":"Runtime.executionContextCreated","params":{"context":{"id":4,"origin":"https://webordering-sp-stg.qubeyond.com","name":"","auxData":{"isDefault":true,"type":"default","frameId":"02FB485C19BE4154D8DB55157EE714B7"}}}}
18:27:33.423 << {"method":"Page.frameStoppedLoading","params":{"frameId":"02FB485C19BE4154D8DB55157EE714B7"}}
18:27:33.455 << {"method":"Page.frameScheduledNavigation","params":{"frameId":"02FB485C19BE4154D8DB55157EE714B7","delay":0,"reason":"scriptInitiated","url":"https://certtransaction.hostedpayments.com/?TransactionSetupID=E510ACBC-E691-4E93-B2E4-7AB780F80A07"}}
18:27:33.457 << {"method":"Page.frameRequestedNavigation","params":{"frameId":"02FB485C19BE4154D8DB55157EE714B7","reason":"scriptInitiated","url":"https://certtransaction.hostedpayments.com/?TransactionSetupID=E510ACBC-E691-4E93-B2E4-7AB780F80A07"}}
18:27:33.489 << {"method":"Page.frameStartedLoading","params":{"frameId":"02FB485C19BE4154D8DB55157EE714B7"}}
18:27:33.546 << {"method":"Page.frameClearedScheduledNavigation","params":{"frameId":"02FB485C19BE4154D8DB55157EE714B7"}}
18:27:36.100 << {"method":"Target.attachedToTarget","params":{"sessionId":"3DB3E1D595EB54FB59C6BB34488BBF49","targetInfo":{"targetId":"02FB485C19BE4154D8DB55157EE714B7","type":"iframe","title":"","url":"","attached":true,"browserContextId":"27C7B4E306D3D0AE424222DA3FFCD013"},"waitingForDebugger":false}}
18:27:36.235 << {"method":"Runtime.executionContextDestroyed","params":{"executionContextId":4}}
18:27:36.236 << {"method":"Page.frameStoppedLoading","params":{"frameId":"02FB485C19BE4154D8DB55157EE714B7"}}
18:27:36.238 << {"method":"Page.frameDetached","params":{"frameId":"02FB485C19BE4154D8DB55157EE714B7"}}
18:27:51.480 >> {"method":"DOM.getDocument","params":{"depth":0},"id":90}
18:27:51.486 << {"id":90,"result":{"root":{"nodeId":1,"backendNodeId":1,"nodeType":9,"nodeName":"#document","localName":"","nodeValue":"","childNodeCount":2,"documentURL":"https://webordering-sp-stg.qubeyond.com/364/make-payment-screen","baseURL":"https://webordering-sp-stg.qubeyond.com/","xmlVersion":""}}}
18:27:51.547 >> {"method":"DOM.querySelector","params":{"nodeId":1,"selector":"#iframeURLID"},"id":89}
18:27:51.581 << {"method":"DOM.setChildNodes","params":{"parentId":1,"nodes":[{"nodeId":2,"parentId":1,"backendNodeId":81,"nodeType":10,"nodeName":"html","localName":"","nodeValue":"","publicId":"","systemId":""},{"nodeId":3,"parentId":1,"backendNodeId":82,"nodeType":1,"nodeName":"HTML","localName":"html","nodeValue":"","childNodeCount":2,"attributes":["lang","en","class","plt-tablet plt-desktop md hydrated","mode","md","style","--app-theme-color:#876A4D; --app-theme-contrast-color:#ffffff; --app-max-width:100%; --app-bg-color:#FBF9F5; --app-header-bg-color:#876A4D; --app-header-text-color:#FFFFFF; --app-header-font-family:RobotoSlab; --app-header-font-size:16px; --app-header-font-size-mobile:14px; --app-footer-bg-color:#876A4D; --app-footer-text-color:#FFFFFF; --app-footer-font-family:RobotoSlab; --app-footer-font-size:16px; --app-footer-font-size-mobile:14px; --app-strip-btn-bgColor:#0A0A0A; --app-strip-font-family:RobotoSlab; --app-strip-font-size:30px; --app-strip-font-size-mobile:26px; --app-body-font-color:#876A4D; --a ...
18:27:51.612 << {"method":"DOM.setChildNodes","params":{"parentId":3,"nodes":[{"nodeId":4,"parentId":3,"backendNodeId":83,"nodeType":1,"nodeName":"HEAD","localName":"head","nodeValue":"","childNodeCount":97,"attributes":[]},{"nodeId":5,"parentId":3,"backendNodeId":3,"nodeType":1,"nodeName":"BODY","localName":"body","nodeValue":"","childNodeCount":11,"attributes":[]}]}}
18:27:51.618 << {"method":"DOM.setChildNodes","params":{"parentId":5,"nodes":[{"nodeId":6,"parentId":5,"backendNodeId":84,"nodeType":1,"nodeName":"NOSCRIPT","localName":"noscript","nodeValue":"","childNodeCount":1,"attributes":["id","GTMiframe"]},{"nodeId":7,"parentId":5,"backendNodeId":85,"nodeType":1,"nodeName":"APP-ROOT","localName":"app-root","nodeValue":"","childNodeCount":1,"attributes":["ng-version","9.1.1"]},{"nodeId":8,"parentId":5,"backendNodeId":86,"nodeType":1,"nodeName":"NOSCRIPT","localName":"noscript","nodeValue":"","childNodeCount":1,"children":[{"nodeId":9,"parentId":8,"backendNodeId":87,"nodeType":3,"nodeName":"#text","localName":"","nodeValue":"\n    Please enable JavaScript to run this application.\n  "}],"attributes":[]},{"nodeId":10,"parentId":5,"backendNodeId":88,"nodeType":1,"nodeName":"SCRIPT","localName":"script","nodeValue":"","childNodeCount":0,"attributes":["src","runtime.3b51b7452e23f26f989d.js","defer",""]},{"nodeId":11,"parentId":5,"backendNodeId":89,"nodeType":1,"nodeName":"SCRIPT","localName ...
18:27:51.676 << {"method":"DOM.setChildNodes","params":{"parentId":7,"nodes":[{"nodeId":18,"parentId":7,"backendNodeId":4,"nodeType":1,"nodeName":"ION-APP","localName":"ion-app","nodeValue":"","childNodeCount":3,"attributes":["class","md ion-page hydrated"]}]}}
18:27:51.683 << {"method":"DOM.setChildNodes","params":{"parentId":18,"nodes":[{"nodeId":19,"parentId":18,"backendNodeId":5,"nodeType":1,"nodeName":"ION-ROUTER-OUTLET","localName":"ion-router-outlet","nodeValue":"","childNodeCount":1,"children":[{"nodeId":21,"parentId":19,"backendNodeId":6,"nodeType":1,"nodeName":"APP-APP-LAYOUT","localName":"app-app-layout","nodeValue":"","childNodeCount":1,"attributes":["_nghost-hwm-c52","","class","ng-tns-c52-0 ion-page","style","z-index: 101;"]}],"attributes":["class","hydrated"],"shadowRoots":[{"nodeId":20,"backendNodeId":96,"nodeType":11,"nodeName":"#document-fragment","localName":"","nodeValue":"","childNodeCount":1,"shadowRootType":"open"}]},{"nodeId":22,"parentId":18,"backendNodeId":97,"nodeType":8,"nodeName":"#comment","localName":"","nodeValue":""},{"nodeId":23,"parentId":18,"backendNodeId":98,"nodeType":1,"nodeName":"DIV","localName":"div","nodeValue":"","childNodeCount":1,"attributes":["class","page-loader"]}]}}
18:27:51.688 << {"method":"DOM.setChildNodes","params":{"parentId":21,"nodes":[{"nodeId":24,"parentId":21,"backendNodeId":99,"nodeType":1,"nodeName":"ION-CONTENT","localName":"ion-content","nodeValue":"","childNodeCount":1,"children":[{"nodeId":26,"parentId":24,"backendNodeId":101,"nodeType":1,"nodeName":"DIV","localName":"div","nodeValue":"","childNodeCount":10,"attributes":["_ngcontent-hwm-c52","","class","page-layout"]}],"attributes":["_ngcontent-hwm-c52","","class","ng-tns-c52-0 md hydrated","style","--offset-top:0px; --offset-bottom:0px;"],"shadowRoots":[{"nodeId":25,"backendNodeId":100,"nodeType":11,"nodeName":"#document-fragment","localName":"","nodeValue":"","childNodeCount":3,"shadowRootType":"open"}]}]}}
18:27:51.764 << {"method":"DOM.setChildNodes","params":{"parentId":26,"nodes":[{"nodeId":27,"parentId":26,"backendNodeId":102,"nodeType":1,"nodeName":"APP-HEADER","localName":"app-header","nodeValue":"","childNodeCount":2,"attributes":["_ngcontent-hwm-c52","","class","ng-tns-c52-0","_nghost-hwm-c45","","style","top: 0px; z-index: 999; width: 1349px;"]},{"nodeId":28,"parentId":26,"backendNodeId":103,"nodeType":1,"nodeName":"ROUTER-OUTLET","localName":"router-outlet","nodeValue":"","childNodeCount":0,"attributes":["_ngcontent-hwm-c52","","class","ng-tns-c52-0"]},{"nodeId":29,"parentId":26,"backendNodeId":104,"nodeType":1,"nodeName":"APP-MAKE-PAYMENT-SCREEN","localName":"app-make-payment-screen","nodeValue":"","childNodeCount":3,"attributes":["_nghost-hwm-c84","","class","ng-star-inserted"]},{"nodeId":30,"parentId":26,"backendNodeId":105,"nodeType":8,"nodeName":"#comment","localName":"","nodeValue":""},{"nodeId":31,"parentId":26,"backendNodeId":106,"nodeType":1,"nodeName":"APP-FOOTER","localName":"app-footer","nodeValue":"","ch ...
18:27:51.832 << {"method":"DOM.setChildNodes","params":{"parentId":29,"nodes":[{"nodeId":38,"parentId":29,"backendNodeId":113,"nodeType":1,"nodeName":"DIV","localName":"div","nodeValue":"","childNodeCount":1,"attributes":["_ngcontent-hwm-c84","","class","make-payment-container"]},{"nodeId":39,"parentId":29,"backendNodeId":114,"nodeType":1,"nodeName":"APP-PAYMENT-IFRAME","localName":"app-payment-iframe","nodeValue":"","childNodeCount":1,"attributes":["_ngcontent-hwm-c84","","id","payment-iframe","_nghost-hwm-c66","","class","ng-star-inserted"]},{"nodeId":40,"parentId":29,"backendNodeId":115,"nodeType":8,"nodeName":"#comment","localName":"","nodeValue":""}]}}
18:27:51.903 << {"method":"DOM.setChildNodes","params":{"parentId":39,"nodes":[{"nodeId":41,"parentId":39,"backendNodeId":78,"nodeType":1,"nodeName":"DIV","localName":"div","nodeValue":"","childNodeCount":1,"attributes":["_ngcontent-hwm-c66","","class","payment-popup-container"]}]}}
18:27:51.908 << {"method":"DOM.setChildNodes","params":{"parentId":41,"nodes":[{"nodeId":42,"parentId":41,"backendNodeId":116,"nodeType":1,"nodeName":"DIV","localName":"div","nodeValue":"","childNodeCount":2,"attributes":["_ngcontent-hwm-c66","","class","payment-popup-inner-container"]}]}}
18:27:51.911 << {"method":"DOM.setChildNodes","params":{"parentId":42,"nodes":[{"nodeId":43,"parentId":42,"backendNodeId":80,"nodeType":1,"nodeName":"DIV","localName":"div","nodeValue":"","childNodeCount":1,"attributes":["_ngcontent-hwm-c66","","class","close-container","style","position: absolute; top: -15px; right: -15px; z-index: 9999999;"]},{"nodeId":44,"parentId":42,"backendNodeId":117,"nodeType":1,"nodeName":"DIV","localName":"div","nodeValue":"","childNodeCount":2,"attributes":["_ngcontent-hwm-c66","","id","main-container","class","payment-iframe-main-container"]}]}}
18:27:51.915 << {"method":"DOM.setChildNodes","params":{"parentId":44,"nodes":[{"nodeId":45,"parentId":44,"backendNodeId":118,"nodeType":8,"nodeName":"#comment","localName":"","nodeValue":""},{"nodeId":46,"parentId":44,"backendNodeId":79,"nodeType":1,"nodeName":"IFRAME","localName":"iframe","nodeValue":"","childNodeCount":0,"attributes":["_ngcontent-hwm-c66","","id","iframeURLID","aria-atomic","true","aria-live","assertive","name","content","title","Credit Card iframe","frameborder","0","scrolling","no","width","100%","height","400px","class","iframeSection","src","https://certtransaction.hostedpayments.com?TransactionSetupID=E510ACBC-E691-4E93-B2E4-7AB780F80A07","style","display: block;"],"frameId":"02FB485C19BE4154D8DB55157EE714B7"}]}}
18:27:51.949 << {"id":89,"result":{"nodeId":46}}
18:27:51.958 >> {"method":"DOM.describeNode","params":{"nodeId":46,"depth":0},"id":91}
18:27:51.963 << {"id":91,"result":{"node":{"nodeId":0,"backendNodeId":79,"nodeType":1,"nodeName":"IFRAME","localName":"iframe","nodeValue":"","childNodeCount":0,"attributes":["_ngcontent-hwm-c66","","id","iframeURLID","aria-atomic","true","aria-live","assertive","name","content","title","Credit Card iframe","frameborder","0","scrolling","no","width","100%","height","400px","class","iframeSection","src","https://certtransaction.hostedpayments.com?TransactionSetupID=E510ACBC-E691-4E93-B2E4-7AB780F80A07","style","display: block;"],"frameId":"02FB485C19BE4154D8DB55157EE714B7"}}}
18:27:51.994 >> {"id":92,"sessionId":"3DB3E1D595EB54FB59C6BB34488BBF49","method":"Runtime.evaluate","params":{"expression":"var e = document.evaluate(\"\/\/input[@id='cardNumber']\", document, null, 9, null).singleNodeValue; e.focus(); try { e.selectionStart = e.selectionEnd = e.value.length } catch(x) {}","returnByValue":true}}
18:27:52.000 << {"id":92,"result":{"result":{"type":"number","value":0,"description":"0"}},"sessionId":"3DB3E1D595EB54FB59C6BB34488BBF49"}
18:27:52.022 >> {"id":93,"sessionId":"3DB3E1D595EB54FB59C6BB34488BBF49","method":"Input.dispatchKeyEvent","params":{"modifier":0,"type":"keyDown","text":"6"}}
18:27:52.032 << {"id":93,"result":{},"sessionId":"3DB3E1D595EB54FB59C6BB34488BBF49"}
18:27:52.037 >> {"id":94,"sessionId":"3DB3E1D595EB54FB59C6BB34488BBF49","method":"Input.dispatchKeyEvent","params":{"modifier":0,"type":"keyUp","windowsVirtualKeyCode":54}}
18:27:52.060 << {"id":94,"result":{},"sessionId":"3DB3E1D595EB54FB59C6BB34488BBF49"}
18:27:52.062 >> {"id":95,"sessionId":"3DB3E1D595EB54FB59C6BB34488BBF49","method":"Input.dispatchKeyEvent","params":{"modifier":0,"type":"keyDown","text":"0"}}
18:27:52.092 << {"id":95,"result":{},"sessionId":"3DB3E1D595EB54FB59C6BB34488BBF49"}
18:27:52.094 >> {"id":96,"sessionId":"3DB3E1D595EB54FB59C6BB34488BBF49","method":"Input.dispatchKeyEvent","params":{"modifier":0,"type":"keyUp","windowsVirtualKeyCode":48}}
18:27:52.096 << {"id":96,"result":{},"sessionId":"3DB3E1D595EB54FB59C6BB34488BBF49"}
18:27:52.098 >> {"id":97,"sessionId":"3DB3E1D595EB54FB59C6BB34488BBF49","method":"Input.dispatchKeyEvent","params":{"modifier":0,"type":"keyDown","text":"1"}}
18:27:52.123 << {"id":97,"result":{},"sessionId":"3DB3E1D595EB54FB59C6BB34488BBF49"}
18:27:52.125 >> {"id":98,"sessionId":"3DB3E1D595EB54FB59C6BB34488BBF49","method":"Input.dispatchKeyEvent","params":{"modifier":0,"type":"keyUp","windowsVirtualKeyCode":49}}
18:27:52.128 << {"id":98,"result":{},"sessionId":"3DB3E1D595EB54FB59C6BB34488BBF49"}
18:27:52.129 >> {"id":99,"sessionId":"3DB3E1D595EB54FB59C6BB34488BBF49","method":"Input.dispatchKeyEvent","params":{"modifier":0,"type":"keyDown","text":"1"}}
18:27:52.134 << {"id":99,"result":{},"sessionId":"3DB3E1D595EB54FB59C6BB34488BBF49"}
18:27:52.156 >> {"id":100,"sessionId":"3DB3E1D595EB54FB59C6BB34488BBF49","method":"Input.dispatchKeyEvent","params":{"modifier":0,"type":"keyUp","windowsVirtualKeyCode":49}}
18:27:52.159 << {"id":100,"result":{},"sessionId":"3DB3E1D595EB54FB59C6BB34488BBF49"}
18:27:52.161 >> {"id":101,"sessionId":"3DB3E1D595EB54FB59C6BB34488BBF49","method":"Input.dispatchKeyEvent","params":{"modifier":0,"type":"keyDown","text":"1"}}
18:27:52.165 << {"id":101,"result":{},"sessionId":"3DB3E1D595EB54FB59C6BB34488BBF49"}
18:27:52.179 >> {"id":102,"sessionId":"3DB3E1D595EB54FB59C6BB34488BBF49","method":"Input.dispatchKeyEvent","params":{"modifier":0,"type":"keyUp","windowsVirtualKeyCode":49}}
18:27:52.207 << {"id":102,"result":{},"sessionId":"3DB3E1D595EB54FB59C6BB34488BBF49"}
18:27:52.209 >> {"id":103,"sessionId":"3DB3E1D595EB54FB59C6BB34488BBF49","method":"Input.dispatchKeyEvent","params":{"modifier":0,"type":"keyDown","text":"1"}}
18:27:52.213 << {"id":103,"result":{},"sessionId":"3DB3E1D595EB54FB59C6BB34488BBF49"}
18:27:52.215 >> {"id":104,"sessionId":"3DB3E1D595EB54FB59C6BB34488BBF49","method":"Input.dispatchKeyEvent","params":{"modifier":0,"type":"keyUp","windowsVirtualKeyCode":49}}
18:27:52.236 << {"id":104,"result":{},"sessionId":"3DB3E1D595EB54FB59C6BB34488BBF49"}
18:27:52.243 >> {"id":105,"sessionId":"3DB3E1D595EB54FB59C6BB34488BBF49","method":"Input.dispatchKeyEvent","params":{"modifier":0,"type":"keyDown","text":"1"}}
18:27:52.251 << {"id":105,"result":{},"sessionId":"3DB3E1D595EB54FB59C6BB34488BBF49"}
18:27:52.267 >> {"id":106,"sessionId":"3DB3E1D595EB54FB59C6BB34488BBF49","method":"Input.dispatchKeyEvent","params":{"modifier":0,"type":"keyUp","windowsVirtualKeyCode":49}}
18:27:52.290 << {"id":106,"result":{},"sessionId":"3DB3E1D595EB54FB59C6BB34488BBF49"}
18:27:52.292 >> {"id":107,"sessionId":"3DB3E1D595EB54FB59C6BB34488BBF49","method":"Input.dispatchKeyEvent","params":{"modifier":0,"type":"keyDown","text":"1"}}
18:27:52.296 << {"id":107,"result":{},"sessionId":"3DB3E1D595EB54FB59C6BB34488BBF49"}
18:27:52.297 >> {"id":108,"sessionId":"3DB3E1D595EB54FB59C6BB34488BBF49","method":"Input.dispatchKeyEvent","params":{"modifier":0,"type":"keyUp","windowsVirtualKeyCode":49}}
18:27:52.301 << {"id":108,"result":{},"sessionId":"3DB3E1D595EB54FB59C6BB34488BBF49"}
18:27:52.314 >> {"id":109,"sessionId":"3DB3E1D595EB54FB59C6BB34488BBF49","method":"Input.dispatchKeyEvent","params":{"modifier":0,"type":"keyDown","text":"1"}}
18:27:52.338 << {"id":109,"result":{},"sessionId":"3DB3E1D595EB54FB59C6BB34488BBF49"}
18:27:52.340 >> {"id":110,"sessionId":"3DB3E1D595EB54FB59C6BB34488BBF49","method":"Input.dispatchKeyEvent","params":{"modifier":0,"type":"keyUp","windowsVirtualKeyCode":49}}
18:27:52.342 << {"id":110,"result":{},"sessionId":"3DB3E1D595EB54FB59C6BB34488BBF49"}
18:27:52.343 >> {"id":111,"sessionId":"3DB3E1D595EB54FB59C6BB34488BBF49","method":"Input.dispatchKeyEvent","params":{"modifier":0,"type":"keyDown","text":"1"}}
18:27:52.347 << {"id":111,"result":{},"sessionId":"3DB3E1D595EB54FB59C6BB34488BBF49"}
18:27:52.348 >> {"id":112,"sessionId":"3DB3E1D595EB54FB59C6BB34488BBF49","method":"Input.dispatchKeyEvent","params":{"modifier":0,"type":"keyUp","windowsVirtualKeyCode":49}}
18:27:52.352 << {"id":112,"result":{},"sessionId":"3DB3E1D595EB54FB59C6BB34488BBF49"}
18:27:52.369 >> {"id":113,"sessionId":"3DB3E1D595EB54FB59C6BB34488BBF49","method":"Input.dispatchKeyEvent","params":{"modifier":0,"type":"keyDown","text":"1"}}
18:27:52.377 << {"id":113,"result":{},"sessionId":"3DB3E1D595EB54FB59C6BB34488BBF49"}
18:27:52.379 >> {"id":114,"sessionId":"3DB3E1D595EB54FB59C6BB34488BBF49","method":"Input.dispatchKeyEvent","params":{"modifier":0,"type":"keyUp","windowsVirtualKeyCode":49}}
18:27:52.382 << {"id":114,"result":{},"sessionId":"3DB3E1D595EB54FB59C6BB34488BBF49"}
18:27:52.384 >> {"id":115,"sessionId":"3DB3E1D595EB54FB59C6BB34488BBF49","method":"Input.dispatchKeyEvent","params":{"modifier":0,"type":"keyDown","text":"1"}}
18:27:52.408 << {"id":115,"result":{},"sessionId":"3DB3E1D595EB54FB59C6BB34488BBF49"}
18:27:52.410 >> {"id":116,"sessionId":"3DB3E1D595EB54FB59C6BB34488BBF49","method":"Input.dispatchKeyEvent","params":{"modifier":0,"type":"keyUp","windowsVirtualKeyCode":49}}
18:27:52.413 << {"id":116,"result":{},"sessionId":"3DB3E1D595EB54FB59C6BB34488BBF49"}
18:27:52.413 >> {"id":117,"sessionId":"3DB3E1D595EB54FB59C6BB34488BBF49","method":"Input.dispatchKeyEvent","params":{"modifier":0,"type":"keyDown","text":"1"}}
18:27:52.417 << {"id":117,"result":{},"sessionId":"3DB3E1D595EB54FB59C6BB34488BBF49"}
18:27:52.430 >> {"id":118,"sessionId":"3DB3E1D595EB54FB59C6BB34488BBF49","method":"Input.dispatchKeyEvent","params":{"modifier":0,"type":"keyUp","windowsVirtualKeyCode":49}}
18:27:52.457 << {"id":118,"result":{},"sessionId":"3DB3E1D595EB54FB59C6BB34488BBF49"}
18:27:52.461 >> {"id":119,"sessionId":"3DB3E1D595EB54FB59C6BB34488BBF49","method":"Input.dispatchKeyEvent","params":{"modifier":0,"type":"keyDown","text":"1"}}
18:27:52.465 << {"id":119,"result":{},"sessionId":"3DB3E1D595EB54FB59C6BB34488BBF49"}
18:27:52.481 >> {"id":120,"sessionId":"3DB3E1D595EB54FB59C6BB34488BBF49","method":"Input.dispatchKeyEvent","params":{"modifier":0,"type":"keyUp","windowsVirtualKeyCode":49}}
18:27:52.508 << {"id":120,"result":{},"sessionId":"3DB3E1D595EB54FB59C6BB34488BBF49"}
18:27:52.510 >> {"id":121,"sessionId":"3DB3E1D595EB54FB59C6BB34488BBF49","method":"Input.dispatchKeyEvent","params":{"modifier":0,"type":"keyDown","text":"1"}}
18:27:52.514 << {"id":121,"result":{},"sessionId":"3DB3E1D595EB54FB59C6BB34488BBF49"}
18:27:52.518 >> {"id":122,"sessionId":"3DB3E1D595EB54FB59C6BB34488BBF49","method":"Input.dispatchKeyEvent","params":{"modifier":0,"type":"keyUp","windowsVirtualKeyCode":49}}
18:27:52.539 << {"id":122,"result":{},"sessionId":"3DB3E1D595EB54FB59C6BB34488BBF49"}
18:27:52.541 >> {"id":123,"sessionId":"3DB3E1D595EB54FB59C6BB34488BBF49","method":"Input.dispatchKeyEvent","params":{"modifier":0,"type":"keyDown","text":"7"}}
18:27:52.546 << {"id":123,"result":{},"sessionId":"3DB3E1D595EB54FB59C6BB34488BBF49"}
18:27:52.547 >> {"id":124,"sessionId":"3DB3E1D595EB54FB59C6BB34488BBF49","method":"Input.dispatchKeyEvent","params":{"modifier":0,"type":"keyUp","windowsVirtualKeyCode":55}}
18:27:52.565 << {"id":124,"result":{},"sessionId":"3DB3E1D595EB54FB59C6BB34488BBF49"}
18:27:52.589 >> {"id":125,"sessionId":"3DB3E1D595EB54FB59C6BB34488BBF49","method":"Runtime.evaluate","params":{"expression":"(function(){ var e = document.evaluate(\"\/\/select[@class='selectOption'][1]\", document, null, 9, null).singleNodeValue; var t = \"12\"; for (var i = 0; i < e.options.length; ++i) if (e.options[i].value === t) { e.options[i].selected = true; e.dispatchEvent(new Event('change')) } })()","returnByValue":true}}
18:27:52.593 << {"id":125,"result":{"result":{"type":"undefined"}},"sessionId":"3DB3E1D595EB54FB59C6BB34488BBF49"}
18:27:52.598 >> {"id":126,"sessionId":"3DB3E1D595EB54FB59C6BB34488BBF49","method":"Runtime.evaluate","params":{"expression":"(function(){ var e = document.evaluate(\"\/\/select[@class='selectOption'][2]\", document, null, 9, null).singleNodeValue; var t = \"30\"; for (var i = 0; i < e.options.length; ++i) if (e.options[i].value === t) { e.options[i].selected = true; e.dispatchEvent(new Event('change')) } })()","returnByValue":true}}
18:27:52.623 << {"id":126,"result":{"result":{"type":"undefined"}},"sessionId":"3DB3E1D595EB54FB59C6BB34488BBF49"}
18:27:52.632 >> {"id":127,"sessionId":"3DB3E1D595EB54FB59C6BB34488BBF49","method":"Runtime.evaluate","params":{"expression":"var e = document.evaluate(\"\/\/input[@id='CVV']\", document, null, 9, null).singleNodeValue; e.focus(); try { e.selectionStart = e.selectionEnd = e.value.length } catch(x) {}","returnByValue":true}}
18:27:52.673 << {"id":127,"result":{"result":{"type":"number","value":0,"description":"0"}},"sessionId":"3DB3E1D595EB54FB59C6BB34488BBF49"}
18:27:52.676 >> {"id":128,"sessionId":"3DB3E1D595EB54FB59C6BB34488BBF49","method":"Input.dispatchKeyEvent","params":{"modifier":0,"type":"keyDown","text":"1"}}
18:27:52.712 << {"id":128,"result":{},"sessionId":"3DB3E1D595EB54FB59C6BB34488BBF49"}
18:27:52.715 >> {"id":129,"sessionId":"3DB3E1D595EB54FB59C6BB34488BBF49","method":"Input.dispatchKeyEvent","params":{"modifier":0,"type":"keyUp","windowsVirtualKeyCode":49}}
18:27:52.733 << {"id":129,"result":{},"sessionId":"3DB3E1D595EB54FB59C6BB34488BBF49"}
18:27:52.754 >> {"id":130,"sessionId":"3DB3E1D595EB54FB59C6BB34488BBF49","method":"Input.dispatchKeyEvent","params":{"modifier":0,"type":"keyDown","text":"2"}}
18:27:52.759 << {"id":130,"result":{},"sessionId":"3DB3E1D595EB54FB59C6BB34488BBF49"}
18:27:52.761 >> {"id":131,"sessionId":"3DB3E1D595EB54FB59C6BB34488BBF49","method":"Input.dispatchKeyEvent","params":{"modifier":0,"type":"keyUp","windowsVirtualKeyCode":50}}
18:27:52.763 << {"id":131,"result":{},"sessionId":"3DB3E1D595EB54FB59C6BB34488BBF49"}
18:27:52.765 >> {"id":132,"sessionId":"3DB3E1D595EB54FB59C6BB34488BBF49","method":"Input.dispatchKeyEvent","params":{"modifier":0,"type":"keyDown","text":"3"}}
18:27:52.791 << {"id":132,"result":{},"sessionId":"3DB3E1D595EB54FB59C6BB34488BBF49"}
18:27:52.793 >> {"id":133,"sessionId":"3DB3E1D595EB54FB59C6BB34488BBF49","method":"Input.dispatchKeyEvent","params":{"modifier":0,"type":"keyUp","windowsVirtualKeyCode":51}}
18:27:52.795 << {"id":133,"result":{},"sessionId":"3DB3E1D595EB54FB59C6BB34488BBF49"}
18:27:52.796 >> {"id":134,"sessionId":"3DB3E1D595EB54FB59C6BB34488BBF49","method":"Input.dispatchKeyEvent","params":{"modifier":0,"type":"keyDown","text":"4"}}
18:27:52.828 << {"id":134,"result":{},"sessionId":"3DB3E1D595EB54FB59C6BB34488BBF49"}
18:27:52.829 >> {"id":135,"sessionId":"3DB3E1D595EB54FB59C6BB34488BBF49","method":"Input.dispatchKeyEvent","params":{"modifier":0,"type":"keyUp","windowsVirtualKeyCode":52}}
18:27:52.832 << {"id":135,"result":{},"sessionId":"3DB3E1D595EB54FB59C6BB34488BBF49"}
18:27:52.855 >> {"id":136,"sessionId":"3DB3E1D595EB54FB59C6BB34488BBF49","method":"Runtime.evaluate","params":{"expression":"document.evaluate(\"\/\/a[@class='buttonEmbedded']\", document, null, 9, null).singleNodeValue.click()","returnByValue":true}}
18:27:52.915 << {"id":136,"result":{"result":{"type":"undefined"}},"sessionId":"3DB3E1D595EB54FB59C6BB34488BBF49"}
18:27:54.429 << {"method":"Page.frameAttached","params":{"frameId":"02FB485C19BE4154D8DB55157EE714B7","parentFrameId":"F2519EBF28B2124FFDEDA92F647FCA00"}}
18:27:54.760 << {"method":"Target.detachedFromTarget","params":{"sessionId":"3DB3E1D595EB54FB59C6BB34488BBF49","targetId":"02FB485C19BE4154D8DB55157EE714B7"}}
18:27:54.800 << {"method":"Page.frameStartedLoading","params":{"frameId":"02FB485C19BE4154D8DB55157EE714B7"}}
18:27:54.849 << {"method":"Page.frameNavigated","params":{"frame":{"id":"02FB485C19BE4154D8DB55157EE714B7","parentId":"F2519EBF28B2124FFDEDA92F647FCA00","loaderId":"FE32F7FE3E8393BEBB5AC13E2AC154D7","name":"content","url":"https://webordering-sp-stg.qubeyond.com/364/redirect-payment?paymentId=8a7db29c-6b8e-4ad1-9557-f498d6783971&HostedPaymentStatus=Complete&TransactionSetupID=E510ACBC-E691-4E93-B2E4-7AB780F80A07&TransactionID=48129278&ExpressResponseCode=0&ExpressResponseMessage=Approved&CVVResponseCode=M&LastFour=1117&ValidationCode=C8D2D3BA0453451C&CardLogo=Discover&ApprovedAmount=0.00&TipAmount=0.00&Bin=601111&Entry=Manual&TranDT=2020-05-05%2007:57:53","securityOrigin":"https://webordering-sp-stg.qubeyond.com","mimeType":"text/html"}}}
18:27:54.855 << {"method":"DOM.childNodeRemoved","params":{"parentNodeId":44,"nodeId":46}}
18:27:54.882 << {"method":"DOM.childNodeInserted","params":{"parentNodeId":44,"previousNodeId":45,"node":{"nodeId":47,"backendNodeId":79,"nodeType":1,"nodeName":"IFRAME","localName":"iframe","nodeValue":"","childNodeCount":0,"attributes":["_ngcontent-hwm-c66","","id","iframeURLID","aria-atomic","true","aria-live","assertive","name","content","title","Credit Card iframe","frameborder","0","scrolling","no","width","100%","height","400px","class","iframeSection","src","https://certtransaction.hostedpayments.com?TransactionSetupID=E510ACBC-E691-4E93-B2E4-7AB780F80A07","style","display: block;"],"frameId":"02FB485C19BE4154D8DB55157EE714B7"}}}
18:27:54.887 << {"method":"Runtime.executionContextCreated","params":{"context":{"id":5,"origin":"https://webordering-sp-stg.qubeyond.com","name":"","auxData":{"isDefault":true,"type":"default","frameId":"02FB485C19BE4154D8DB55157EE714B7"}}}}
18:27:54.911 << {"method":"DOM.childNodeRemoved","params":{"parentNodeId":44,"nodeId":47}}
18:27:54.916 << {"method":"DOM.childNodeInserted","params":{"parentNodeId":44,"previousNodeId":45,"node":{"nodeId":48,"backendNodeId":79,"nodeType":1,"nodeName":"IFRAME","localName":"iframe","nodeValue":"","childNodeCount":0,"attributes":["_ngcontent-hwm-c66","","id","iframeURLID","aria-atomic","true","aria-live","assertive","name","content","title","Credit Card iframe","frameborder","0","scrolling","no","width","100%","height","400px","class","iframeSection","src","https://certtransaction.hostedpayments.com?TransactionSetupID=E510ACBC-E691-4E93-B2E4-7AB780F80A07","style","display: block;"],"frameId":"02FB485C19BE4154D8DB55157EE714B7","contentDocument":{"nodeId":49,"backendNodeId":119,"nodeType":9,"nodeName":"#document","localName":"","nodeValue":"","childNodeCount":0,"documentURL":"https://webordering-sp-stg.qubeyond.com/364/redirect-payment?paymentId=8a7db29c-6b8e-4ad1-9557-f498d6783971&HostedPaymentStatus=Complete&TransactionSetupID=E510ACBC-E691-4E93-B2E4-7AB780F80A07&TransactionID=48129278&ExpressResponseCode=0&ExpressR ...
18:27:54.946 << {"method":"DOM.childNodeCountUpdated","params":{"nodeId":49,"childNodeCount":1}}
18:27:54.948 << {"method":"DOM.childNodeCountUpdated","params":{"nodeId":49,"childNodeCount":2}}
18:27:55.686 << {"method":"Page.frameAttached","params":{"frameId":"E64DFAB25399FE3ED9F3B9194F3458D8","parentFrameId":"02FB485C19BE4154D8DB55157EE714B7","stack":{"callFrames":[{"functionName":"","scriptId":"83","url":"https://webordering-sp-stg.qubeyond.com/main.ee33c6f130d6030a29b3.js","lineNumber":0,"columnNumber":1103968},{"functionName":"","scriptId":"83","url":"https://webordering-sp-stg.qubeyond.com/main.ee33c6f130d6030a29b3.js","lineNumber":0,"columnNumber":1104187},{"functionName":"pr","scriptId":"83","url":"https://webordering-sp-stg.qubeyond.com/main.ee33c6f130d6030a29b3.js","lineNumber":0,"columnNumber":1105594},{"functionName":"e.setupOnce","scriptId":"83","url":"https://webordering-sp-stg.qubeyond.com/main.ee33c6f130d6030a29b3.js","lineNumber":0,"columnNumber":1109172},{"functionName":"","scriptId":"83","url":"https://webordering-sp-stg.qubeyond.com/main.ee33c6f130d6030a29b3.js","lineNumber":0,"columnNumber":1083797},{"functionName":"","scriptId":"83","url":"https://webordering-sp-stg.qubeyond.com/main.ee33c6f13 ...
18:27:55.725 << {"method":"Page.frameStartedLoading","params":{"frameId":"E64DFAB25399FE3ED9F3B9194F3458D8"}}
18:27:55.727 << {"method":"Page.frameNavigated","params":{"frame":{"id":"E64DFAB25399FE3ED9F3B9194F3458D8","parentId":"02FB485C19BE4154D8DB55157EE714B7","loaderId":"A008DA5975A82734C9CD306A00C1CA63","name":"","url":"about:blank","securityOrigin":"://","mimeType":"text/html"}}}
18:27:55.729 << {"method":"Runtime.executionContextCreated","params":{"context":{"id":6,"origin":"https://webordering-sp-stg.qubeyond.com","name":"","auxData":{"isDefault":true,"type":"default","frameId":"E64DFAB25399FE3ED9F3B9194F3458D8"}}}}
18:27:55.731 << {"method":"Page.frameStoppedLoading","params":{"frameId":"E64DFAB25399FE3ED9F3B9194F3458D8"}}
18:27:55.733 << {"method":"Runtime.executionContextDestroyed","params":{"executionContextId":6}}
18:27:55.735 << {"method":"Page.frameDetached","params":{"frameId":"E64DFAB25399FE3ED9F3B9194F3458D8"}}
18:27:55.781 << {"method":"Runtime.consoleAPICalled","params":{"type":"warning","args":[{"type":"string","value":"Ionic Angular was already initialized. Make sure IonicModule.forRoot() is just called once."}],"executionContextId":5,"timestamp":1.5886834757230388e+12,"stackTrace":{"callFrames":[{"functionName":"","scriptId":"83","url":"https://webordering-sp-stg.qubeyond.com/main.ee33c6f130d6030a29b3.js","lineNumber":0,"columnNumber":1102000},{"functionName":"","scriptId":"83","url":"https://webordering-sp-stg.qubeyond.com/main.ee33c6f130d6030a29b3.js","lineNumber":0,"columnNumber":1256411},{"functionName":"e.runInitializers","scriptId":"83","url":"https://webordering-sp-stg.qubeyond.com/main.ee33c6f130d6030a29b3.js","lineNumber":0,"columnNumber":573099},{"functionName":"","scriptId":"83","url":"https://webordering-sp-stg.qubeyond.com/main.ee33c6f130d6030a29b3.js","lineNumber":0,"columnNumber":585176},{"functionName":"","scriptId":"83","url":"https://webordering-sp-stg.qubeyond.com/main.ee33c6f130d6030a29b3.js","lineNumber":0 ...
18:27:56.579 << {"method":"Page.frameStoppedLoading","params":{"frameId":"02FB485C19BE4154D8DB55157EE714B7"}}
18:27:57.401 << {"method":"Page.navigatedWithinDocument","params":{"frameId":"02FB485C19BE4154D8DB55157EE714B7","url":"https://webordering-sp-stg.qubeyond.com/364/redirect-payment?paymentId=8a7db29c-6b8e-4ad1-9557-f498d6783971&HostedPaymentStatus=Complete&TransactionSetupID=E510ACBC-E691-4E93-B2E4-7AB780F80A07&TransactionID=48129278&ExpressResponseCode=0&ExpressResponseMessage=Approved&CVVResponseCode=M&LastFour=1117&ValidationCode=C8D2D3BA0453451C&CardLogo=Discover&ApprovedAmount=0.00&TipAmount=0.00&Bin=601111&Entry=Manual&TranDT=2020-05-05%2007:57:53"}}
18:27:57.410 << {"method":"Page.frameAttached","params":{"frameId":"2778E2F6E314A1AB57C398F2A1232958","parentFrameId":"02FB485C19BE4154D8DB55157EE714B7","stack":{"callFrames":[{"functionName":"e.addGtmToDom","scriptId":"83","url":"https://webordering-sp-stg.qubeyond.com/main.ee33c6f130d6030a29b3.js","lineNumber":0,"columnNumber":336491},{"functionName":"e.pushTag","scriptId":"83","url":"https://webordering-sp-stg.qubeyond.com/main.ee33c6f130d6030a29b3.js","lineNumber":0,"columnNumber":336595},{"functionName":"","scriptId":"83","url":"https://webordering-sp-stg.qubeyond.com/main.ee33c6f130d6030a29b3.js","lineNumber":0,"columnNumber":1059470},{"functionName":"","scriptId":"83","url":"https://webordering-sp-stg.qubeyond.com/main.ee33c6f130d6030a29b3.js","lineNumber":0,"columnNumber":70310},{"functionName":"t.__tryOrUnsub","scriptId":"83","url":"https://webordering-sp-stg.qubeyond.com/main.ee33c6f130d6030a29b3.js","lineNumber":0,"columnNumber":291693},{"functionName":"t.next","scriptId":"83","url":"https://webordering-sp-stg.qub ...
18:27:57.521 << {"method":"Page.frameStartedLoading","params":{"frameId":"2778E2F6E314A1AB57C398F2A1232958"}}
18:27:57.550 << {"method":"Target.attachedToTarget","params":{"sessionId":"475DE4164DE77064EA31634BEBFB9BF1","targetInfo":{"targetId":"2778E2F6E314A1AB57C398F2A1232958","type":"iframe","title":"","url":"","attached":true,"browserContextId":"27C7B4E306D3D0AE424222DA3FFCD013"},"waitingForDebugger":false}}
18:27:57.586 << {"method":"DOM.inlineStyleInvalidated","params":{"nodeIds":[39]}}
18:27:57.624 << {"method":"Page.frameStoppedLoading","params":{"frameId":"2778E2F6E314A1AB57C398F2A1232958"}}
18:27:57.627 << {"method":"Page.frameDetached","params":{"frameId":"2778E2F6E314A1AB57C398F2A1232958"}}
18:27:59.913 << {"method":"Target.detachedFromTarget","params":{"sessionId":"475DE4164DE77064EA31634BEBFB9BF1","targetId":"2778E2F6E314A1AB57C398F2A1232958"}}
18:27:59.957 << {"method":"DOM.childNodeRemoved","params":{"parentNodeId":29,"nodeId":39}}
18:27:59.958 << {"method":"Runtime.executionContextDestroyed","params":{"executionContextId":5}}
18:27:59.959 << {"method":"Page.frameDetached","params":{"frameId":"02FB485C19BE4154D8DB55157EE714B7"}}
18:28:02.983 >> {"method":"Runtime.evaluate","params":{"expression":"(function(){ var fun = function(e){ var d = window.getComputedStyle(e).display; while(d == 'none'){ e = e.parentElement; d = window.getComputedStyle(e).display } e.scrollIntoView({block: 'center'}) }; var e = document.evaluate(\"\/\/button[contains(text(),'Pay Now')]\", document, null, 9, null).singleNodeValue; return fun(e) })()","returnByValue":true},"id":137}
18:28:03.062 << {"id":137,"result":{"result":{"type":"undefined"}}}
18:28:03.089 >> {"method":"Runtime.evaluate","params":{"expression":"var e = document.evaluate(\"\/\/input[@id='firstname']\", document, null, 9, null).singleNodeValue; e.focus(); try { e.selectionStart = e.selectionEnd = e.value.length } catch(x) {}","returnByValue":true},"id":138}
18:28:03.123 << {"id":138,"result":{"result":{"type":"number","value":0,"description":"0"}}}
18:28:03.127 >> {"method":"Input.dispatchKeyEvent","params":{"modifier":0,"type":"keyDown","text":"s"},"id":139}
18:28:03.136 << {"id":139,"result":{}}
18:28:03.137 >> {"method":"Input.dispatchKeyEvent","params":{"modifier":0,"type":"keyUp","windowsVirtualKeyCode":83},"id":140}
18:28:03.154 << {"id":140,"result":{}}
18:28:03.165 >> {"method":"Input.dispatchKeyEvent","params":{"modifier":0,"type":"keyDown","text":"a"},"id":141}
18:28:03.184 << {"id":141,"result":{}}
18:28:03.185 >> {"method":"Input.dispatchKeyEvent","params":{"modifier":0,"type":"keyUp","windowsVirtualKeyCode":65},"id":142}
18:28:03.197 << {"id":142,"result":{}}
18:28:03.198 >> {"method":"Input.dispatchKeyEvent","params":{"modifier":0,"type":"keyDown","text":"t"},"id":143}
18:28:03.202 << {"id":143,"result":{}}
18:28:03.203 >> {"method":"Input.dispatchKeyEvent","params":{"modifier":0,"type":"keyUp","windowsVirtualKeyCode":84},"id":144}
18:28:03.223 << {"id":144,"result":{}}
18:28:03.225 >> {"method":"Input.dispatchKeyEvent","params":{"modifier":0,"type":"keyDown","text":"i"},"id":145}
18:28:03.235 << {"id":145,"result":{}}
18:28:03.268 >> {"method":"Input.dispatchKeyEvent","params":{"modifier":0,"type":"keyUp","windowsVirtualKeyCode":73},"id":146}
18:28:03.291 << {"id":146,"result":{}}
18:28:03.294 >> {"method":"Input.dispatchKeyEvent","params":{"modifier":0,"type":"keyDown","text":"k"},"id":147}
18:28:03.303 << {"id":147,"result":{}}
18:28:03.305 >> {"method":"Input.dispatchKeyEvent","params":{"modifier":0,"type":"keyUp","windowsVirtualKeyCode":75},"id":148}
18:28:03.328 << {"id":148,"result":{}}
18:28:03.330 >> {"method":"Input.dispatchKeyEvent","params":{"modifier":0,"type":"keyDown","text":"a"},"id":149}
18:28:03.336 << {"id":149,"result":{}}
18:28:03.339 >> {"method":"Input.dispatchKeyEvent","params":{"modifier":0,"type":"keyUp","windowsVirtualKeyCode":65},"id":150}
18:28:03.352 << {"id":150,"result":{}}
18:28:03.353 >> {"method":"Input.dispatchKeyEvent","params":{"modifier":0,"type":"keyDown","text":"n"},"id":151}
18:28:03.369 << {"id":151,"result":{}}
18:28:03.370 >> {"method":"Input.dispatchKeyEvent","params":{"modifier":0,"type":"keyUp","windowsVirtualKeyCode":78},"id":152}
18:28:03.393 << {"id":152,"result":{}}
18:28:03.394 >> {"method":"Input.dispatchKeyEvent","params":{"modifier":0,"type":"keyDown","text":"t"},"id":153}
18:28:03.401 << {"id":153,"result":{}}
18:28:03.403 >> {"method":"Input.dispatchKeyEvent","params":{"modifier":0,"type":"keyUp","windowsVirtualKeyCode":84},"id":154}
18:28:03.429 << {"id":154,"result":{}}
18:28:03.447 >> {"method":"Runtime.evaluate","params":{"expression":"var e = document.evaluate(\"\/\/input[@id='lastname']\", document, null, 9, null).singleNodeValue; e.focus(); try { e.selectionStart = e.selectionEnd = e.value.length } catch(x) {}","returnByValue":true},"id":155}
18:28:03.477 << {"id":155,"result":{"result":{"type":"number","value":0,"description":"0"}}}
18:28:03.477 unknown character / key code: P
18:28:03.478 >> {"method":"Input.dispatchKeyEvent","params":{"modifier":0,"type":"char","text":"P"},"id":156}
18:28:03.483 << {"id":156,"result":{}}
18:28:03.484 >> {"method":"Input.dispatchKeyEvent","params":{"modifier":0,"type":"keyDown","text":"r"},"id":157}
18:28:03.517 << {"id":157,"result":{}}
18:28:03.518 >> {"method":"Input.dispatchKeyEvent","params":{"modifier":0,"type":"keyUp","windowsVirtualKeyCode":82},"id":158}
18:28:03.520 << {"id":158,"result":{}}
18:28:03.522 >> {"method":"Input.dispatchKeyEvent","params":{"modifier":0,"type":"keyDown","text":"a"},"id":159}
18:28:03.533 << {"id":159,"result":{}}
18:28:03.535 >> {"method":"Input.dispatchKeyEvent","params":{"modifier":0,"type":"keyUp","windowsVirtualKeyCode":65},"id":160}
18:28:03.536 << {"id":160,"result":{}}
18:28:03.537 >> {"method":"Input.dispatchKeyEvent","params":{"modifier":0,"type":"keyDown","text":"d"},"id":161}
18:28:03.557 << {"id":161,"result":{}}
18:28:03.560 >> {"method":"Input.dispatchKeyEvent","params":{"modifier":0,"type":"keyUp","windowsVirtualKeyCode":68},"id":162}
18:28:03.562 << {"id":162,"result":{}}
18:28:03.563 >> {"method":"Input.dispatchKeyEvent","params":{"modifier":0,"type":"keyDown","text":"h"},"id":163}
18:28:03.568 << {"id":163,"result":{}}
18:28:03.569 >> {"method":"Input.dispatchKeyEvent","params":{"modifier":0,"type":"keyUp","windowsVirtualKeyCode":72},"id":164}
18:28:03.571 << {"id":164,"result":{}}
18:28:03.584 >> {"method":"Input.dispatchKeyEvent","params":{"modifier":0,"type":"keyDown","text":"a"},"id":165}
18:28:03.601 << {"id":165,"result":{}}
18:28:03.603 >> {"method":"Input.dispatchKeyEvent","params":{"modifier":0,"type":"keyUp","windowsVirtualKeyCode":65},"id":166}
18:28:03.614 << {"id":166,"result":{}}
18:28:03.615 >> {"method":"Input.dispatchKeyEvent","params":{"modifier":0,"type":"keyDown","text":"n"},"id":167}
18:28:03.621 << {"id":167,"result":{}}
18:28:03.639 >> {"method":"Input.dispatchKeyEvent","params":{"modifier":0,"type":"keyUp","windowsVirtualKeyCode":78},"id":168}
18:28:03.643 << {"id":168,"result":{}}
18:28:03.649 >> {"method":"Runtime.evaluate","params":{"expression":"var e = document.evaluate(\"\/\/input[@id='mobNum']\", document, null, 9, null).singleNodeValue; e.focus(); try { e.selectionStart = e.selectionEnd = e.value.length } catch(x) {}","returnByValue":true},"id":169}
18:28:03.655 << {"id":169,"result":{"result":{"type":"number","value":0,"description":"0"}}}
18:28:03.667 >> {"method":"Input.dispatchKeyEvent","params":{"modifier":0,"type":"keyDown","text":"9"},"id":170}
18:28:03.689 << {"id":170,"result":{}}
18:28:03.691 >> {"method":"Input.dispatchKeyEvent","params":{"modifier":0,"type":"keyUp","windowsVirtualKeyCode":57},"id":171}
18:28:03.696 << {"id":171,"result":{}}
18:28:03.697 >> {"method":"Input.dispatchKeyEvent","params":{"modifier":0,"type":"keyDown","text":"9"},"id":172}
18:28:03.701 << {"id":172,"result":{}}
18:28:03.702 >> {"method":"Input.dispatchKeyEvent","params":{"modifier":0,"type":"keyUp","windowsVirtualKeyCode":57},"id":173}
18:28:03.723 << {"id":173,"result":{}}
18:28:03.724 >> {"method":"Input.dispatchKeyEvent","params":{"modifier":0,"type":"keyDown","text":"3"},"id":174}
18:28:03.729 << {"id":174,"result":{}}
18:28:03.730 >> {"method":"Input.dispatchKeyEvent","params":{"modifier":0,"type":"keyUp","windowsVirtualKeyCode":51},"id":175}
18:28:03.734 << {"id":175,"result":{}}
18:28:03.735 >> {"method":"Input.dispatchKeyEvent","params":{"modifier":0,"type":"keyDown","text":"7"},"id":176}
18:28:03.739 << {"id":176,"result":{}}
18:28:03.754 >> {"method":"Input.dispatchKeyEvent","params":{"modifier":0,"type":"keyUp","windowsVirtualKeyCode":55},"id":177}
18:28:03.767 << {"id":177,"result":{}}
18:28:03.769 >> {"method":"Input.dispatchKeyEvent","params":{"modifier":0,"type":"keyDown","text":"9"},"id":178}
18:28:03.784 << {"id":178,"result":{}}
18:28:03.785 >> {"method":"Input.dispatchKeyEvent","params":{"modifier":0,"type":"keyUp","windowsVirtualKeyCode":57},"id":179}
18:28:03.789 << {"id":179,"result":{}}
18:28:03.799 >> {"method":"Input.dispatchKeyEvent","params":{"modifier":0,"type":"keyDown","text":"2"},"id":180}
18:28:03.826 << {"id":180,"result":{}}
18:28:03.828 >> {"method":"Input.dispatchKeyEvent","params":{"modifier":0,"type":"keyUp","windowsVirtualKeyCode":50},"id":181}
18:28:03.832 << {"id":181,"result":{}}
18:28:03.836 >> {"method":"Input.dispatchKeyEvent","params":{"modifier":0,"type":"keyDown","text":"7"},"id":182}
18:28:03.854 << {"id":182,"result":{}}
18:28:03.856 >> {"method":"Input.dispatchKeyEvent","params":{"modifier":0,"type":"keyUp","windowsVirtualKeyCode":55},"id":183}
18:28:03.868 << {"id":183,"result":{}}
18:28:03.871 >> {"method":"Input.dispatchKeyEvent","params":{"modifier":0,"type":"keyDown","text":"9"},"id":184}
18:28:03.907 << {"id":184,"result":{}}
18:28:03.909 >> {"method":"Input.dispatchKeyEvent","params":{"modifier":0,"type":"keyUp","windowsVirtualKeyCode":57},"id":185}
18:28:03.912 << {"id":185,"result":{}}
18:28:03.913 >> {"method":"Input.dispatchKeyEvent","params":{"modifier":0,"type":"keyDown","text":"5"},"id":186}
18:28:03.918 << {"id":186,"result":{}}
18:28:03.919 >> {"method":"Input.dispatchKeyEvent","params":{"modifier":0,"type":"keyUp","windowsVirtualKeyCode":53},"id":187}
18:28:03.944 << {"id":187,"result":{}}
18:28:03.945 >> {"method":"Input.dispatchKeyEvent","params":{"modifier":0,"type":"keyDown","text":"3"},"id":188}
18:28:03.951 << {"id":188,"result":{}}
18:28:03.952 >> {"method":"Input.dispatchKeyEvent","params":{"modifier":0,"type":"keyUp","windowsVirtualKeyCode":51},"id":189}
18:28:03.976 << {"id":189,"result":{}}
18:28:03.982 >> {"method":"Runtime.evaluate","params":{"expression":"var e = document.evaluate(\"\/\/input[@id='email']\", document, null, 9, null).singleNodeValue; e.focus(); try { e.selectionStart = e.selectionEnd = e.value.length } catch(x) {}","returnByValue":true},"id":190}
18:28:04.003 << {"id":190,"result":{"result":{"type":"number","value":0,"description":"0"}}}
18:28:04.007 >> {"method":"Input.dispatchKeyEvent","params":{"modifier":0,"type":"keyDown","text":"s"},"id":191}
18:28:04.026 << {"id":191,"result":{}}
18:28:04.028 >> {"method":"Input.dispatchKeyEvent","params":{"modifier":0,"type":"keyUp","windowsVirtualKeyCode":83},"id":192}
18:28:04.030 << {"id":192,"result":{}}
18:28:04.031 >> {"method":"Input.dispatchKeyEvent","params":{"modifier":0,"type":"keyDown","text":"a"},"id":193}
18:28:04.037 << {"id":193,"result":{}}
18:28:04.058 >> {"method":"Input.dispatchKeyEvent","params":{"modifier":0,"type":"keyUp","windowsVirtualKeyCode":65},"id":194}
18:28:04.061 << {"id":194,"result":{}}
18:28:04.062 >> {"method":"Input.dispatchKeyEvent","params":{"modifier":0,"type":"keyDown","text":"t"},"id":195}
18:28:04.067 << {"id":195,"result":{}}
18:28:04.067 >> {"method":"Input.dispatchKeyEvent","params":{"modifier":0,"type":"keyUp","windowsVirtualKeyCode":84},"id":196}
18:28:04.072 << {"id":196,"result":{}}
18:28:04.084 >> {"method":"Input.dispatchKeyEvent","params":{"modifier":0,"type":"keyDown","text":"i"},"id":197}
18:28:04.103 << {"id":197,"result":{}}
18:28:04.104 >> {"method":"Input.dispatchKeyEvent","params":{"modifier":0,"type":"keyUp","windowsVirtualKeyCode":73},"id":198}
18:28:04.115 << {"id":198,"result":{}}
18:28:04.116 >> {"method":"Input.dispatchKeyEvent","params":{"modifier":0,"type":"keyDown","text":"s"},"id":199}
18:28:04.122 << {"id":199,"result":{}}
18:28:04.140 >> {"method":"Input.dispatchKeyEvent","params":{"modifier":0,"type":"keyUp","windowsVirtualKeyCode":83},"id":200}
18:28:04.155 << {"id":200,"result":{}}
18:28:04.164 >> {"method":"Input.dispatchKeyEvent","params":{"modifier":0,"type":"keyDown","text":"h"},"id":201}
18:28:04.169 << {"id":201,"result":{}}
18:28:04.184 >> {"method":"Input.dispatchKeyEvent","params":{"modifier":0,"type":"keyUp","windowsVirtualKeyCode":72},"id":202}
18:28:04.193 << {"id":202,"result":{}}
18:28:04.195 >> {"method":"Input.dispatchKeyEvent","params":{"modifier":0,"type":"keyDown","text":"@"},"id":203}
18:28:04.200 << {"id":203,"result":{}}
18:28:04.201 >> {"method":"Input.dispatchKeyEvent","params":{"modifier":0,"type":"keyUp","windowsVirtualKeyCode":512},"id":204}
18:28:04.222 << {"id":204,"result":{}}
18:28:04.257 >> {"method":"Input.dispatchKeyEvent","params":{"modifier":0,"type":"keyDown","text":"m"},"id":205}
18:28:04.282 << {"id":205,"result":{}}
18:28:04.285 >> {"method":"Input.dispatchKeyEvent","params":{"modifier":0,"type":"keyUp","windowsVirtualKeyCode":77},"id":206}
18:28:04.314 << {"id":206,"result":{}}
18:28:04.316 >> {"method":"Input.dispatchKeyEvent","params":{"modifier":0,"type":"keyDown","text":"a"},"id":207}
18:28:04.342 << {"id":207,"result":{}}
18:28:04.345 >> {"method":"Input.dispatchKeyEvent","params":{"modifier":0,"type":"keyUp","windowsVirtualKeyCode":65},"id":208}
18:28:04.350 << {"id":208,"result":{}}
18:28:04.350 >> {"method":"Input.dispatchKeyEvent","params":{"modifier":0,"type":"keyDown","text":"i"},"id":209}
18:28:04.375 << {"id":209,"result":{}}
18:28:04.377 >> {"method":"Input.dispatchKeyEvent","params":{"modifier":0,"type":"keyUp","windowsVirtualKeyCode":73},"id":210}
18:28:04.381 << {"id":210,"result":{}}
18:28:04.383 >> {"method":"Input.dispatchKeyEvent","params":{"modifier":0,"type":"keyDown","text":"l"},"id":211}
18:28:04.408 << {"id":211,"result":{}}
18:28:04.410 >> {"method":"Input.dispatchKeyEvent","params":{"modifier":0,"type":"keyUp","windowsVirtualKeyCode":76},"id":212}
18:28:04.412 << {"id":212,"result":{}}
18:28:04.413 >> {"method":"Input.dispatchKeyEvent","params":{"modifier":0,"type":"keyDown","text":"i"},"id":213}
18:28:04.417 << {"id":213,"result":{}}
18:28:04.418 >> {"method":"Input.dispatchKeyEvent","params":{"modifier":0,"type":"keyUp","windowsVirtualKeyCode":73},"id":214}
18:28:04.441 << {"id":214,"result":{}}
18:28:04.443 >> {"method":"Input.dispatchKeyEvent","params":{"modifier":0,"type":"keyDown","text":"n"},"id":215}
18:28:04.448 << {"id":215,"result":{}}
18:28:04.449 >> {"method":"Input.dispatchKeyEvent","params":{"modifier":0,"type":"keyUp","windowsVirtualKeyCode":78},"id":216}
18:28:04.452 << {"id":216,"result":{}}
18:28:04.453 >> {"method":"Input.dispatchKeyEvent","params":{"modifier":0,"type":"keyDown","text":"a"},"id":217}
18:28:04.481 << {"id":217,"result":{}}
18:28:04.483 >> {"method":"Input.dispatchKeyEvent","params":{"modifier":0,"type":"keyUp","windowsVirtualKeyCode":65},"id":218}
18:28:04.485 << {"id":218,"result":{}}
18:28:04.486 >> {"method":"Input.dispatchKeyEvent","params":{"modifier":0,"type":"keyDown","text":"t"},"id":219}
18:28:04.507 << {"id":219,"result":{}}
18:28:04.528 >> {"method":"Input.dispatchKeyEvent","params":{"modifier":0,"type":"keyUp","windowsVirtualKeyCode":84},"id":220}
18:28:04.531 << {"id":220,"result":{}}
18:28:04.532 >> {"method":"Input.dispatchKeyEvent","params":{"modifier":0,"type":"keyDown","text":"o"},"id":221}
18:28:04.537 << {"id":221,"result":{}}
18:28:04.539 >> {"method":"Input.dispatchKeyEvent","params":{"modifier":0,"type":"keyUp","windowsVirtualKeyCode":79},"id":222}
18:28:04.560 << {"id":222,"result":{}}
18:28:04.563 >> {"method":"Input.dispatchKeyEvent","params":{"modifier":0,"type":"keyDown","text":"r"},"id":223}
18:28:04.569 << {"id":223,"result":{}}
18:28:04.570 >> {"method":"Input.dispatchKeyEvent","params":{"modifier":0,"type":"keyUp","windowsVirtualKeyCode":82},"id":224}
18:28:04.584 << {"id":224,"result":{}}
18:28:04.586 >> {"method":"Input.dispatchKeyEvent","params":{"modifier":0,"type":"keyDown","text":"."},"id":225}
18:28:04.604 << {"id":225,"result":{}}
18:28:04.605 >> {"method":"Input.dispatchKeyEvent","params":{"modifier":0,"type":"keyUp","windowsVirtualKeyCode":46},"id":226}
18:28:04.620 << {"id":226,"result":{}}
18:28:04.624 >> {"method":"Input.dispatchKeyEvent","params":{"modifier":0,"type":"keyDown","text":"c"},"id":227}
18:28:04.646 << {"id":227,"result":{}}
18:28:04.647 >> {"method":"Input.dispatchKeyEvent","params":{"modifier":0,"type":"keyUp","windowsVirtualKeyCode":67},"id":228}
18:28:04.649 << {"id":228,"result":{}}
18:28:04.650 >> {"method":"Input.dispatchKeyEvent","params":{"modifier":0,"type":"keyDown","text":"o"},"id":229}
18:28:04.654 << {"id":229,"result":{}}
18:28:04.656 >> {"method":"Input.dispatchKeyEvent","params":{"modifier":0,"type":"keyUp","windowsVirtualKeyCode":79},"id":230}
18:28:04.666 << {"id":230,"result":{}}
18:28:04.667 >> {"method":"Input.dispatchKeyEvent","params":{"modifier":0,"type":"keyDown","text":"m"},"id":231}
18:28:04.672 << {"id":231,"result":{}}
18:28:04.690 >> {"method":"Input.dispatchKeyEvent","params":{"modifier":0,"type":"keyUp","windowsVirtualKeyCode":77},"id":232}
18:28:04.693 << {"id":232,"result":{}}
18:28:14.710 >> {"method":"Runtime.evaluate","params":{"expression":"document.evaluate(\"\/\/button[contains(text(),'Pay Now')]\", document, null, 9, null).singleNodeValue.click()","returnByValue":true},"id":233}
18:28:14.898 << {"method":"DOM.childNodeCountUpdated","params":{"nodeId":4,"childNodeCount":98}}
18:28:14.936 << {"method":"DOM.childNodeInserted","params":{"parentNodeId":26,"previousNodeId":33,"node":{"nodeId":50,"backendNodeId":121,"nodeType":1,"nodeName":"APP-LOADER","localName":"app-loader","nodeValue":"","childNodeCount":1,"attributes":["_ngcontent-hwm-c52","","_nghost-hwm-c51",""]}}}
18:28:14.938 << {"method":"DOM.attributeModified","params":{"nodeId":50,"name":"class","value":"ng-tns-c52-0"}}
18:28:14.939 << {"method":"DOM.attributeModified","params":{"nodeId":50,"name":"class","value":"ng-tns-c52-0 ng-star-inserted"}}
18:28:14.940 << {"id":233,"result":{"result":{"type":"undefined"}}}
18:28:16.414 << {"method":"DOM.childNodeRemoved","params":{"parentNodeId":26,"nodeId":50}}
18:28:16.416 << {"method":"DOM.childNodeCountUpdated","params":{"nodeId":35,"childNodeCount":2}}
18:28:34.952 waitForUrl - retry #1
18:28:37.956 waitForUrl - retry #2
18:28:40.956 waitForUrl - retry #3
18:28:43.958 failed after 3 retries and 9007 milliseconds
18:29:03.967 >> {"method":"Target.closeTarget","params":{"targetId":"F2519EBF28B2124FFDEDA92F647FCA00"},"id":234}
18:29:04.030 << {"id":234,"result":{"success":true}}
